Number of threads: 32
Job ID: 4788
Machine: penguin 
 Time Elapsed: 
 Time Elapsed: 
 Time Elapsed: 
 Time Elapsed: 
Socket: 0,1  MEM: 1

 Performance counter stats for 'system wide':

S0       16    170,622,654,448      cycles                                                        (100.00%)
S0       16     26,597,977,996      instructions                                                  (100.00%)
S0       16        253,370,535      cache-references                                              (100.00%)
S0       16        113,962,147      cache-misses                                                
S0       16                376      faults                                                        (100.00%)
S0       16                 25      migrations                                                  
S1       16    185,980,996,162      cycles                                                        (100.00%)
S1       16     26,558,371,888      instructions                                                  (100.00%)
S1       16        301,794,718      cache-references                                              (100.00%)
S1       16        132,398,881      cache-misses                                                
S1       16              1,204      faults                                                        (100.00%)
S1       16                141      migrations                                                  
S2       16        327,334,831      cycles                                                        (100.00%)
S2       16        167,181,383      instructions                                                  (100.00%)
S2       16          4,849,087      cache-references                                              (100.00%)
S2       16            595,070      cache-misses                                                
S2       16                  1      faults                                                        (100.00%)
S2       16                  4      migrations                                                  
S3       16      1,192,713,307      cycles                                                        (100.00%)
S3       16      1,072,631,324      instructions                                                  (100.00%)
S3       16         17,011,925      cache-references                                              (100.00%)
S3       16            359,016      cache-misses                                                
S3       16                144      faults                                                        (100.00%)
S3       16                  7      migrations                                                  

       5.729078049 seconds time elapsed

Socket: 0,1  MEM: 2

 Performance counter stats for 'system wide':

S0       16    208,774,903,241      cycles                                                        (100.00%)
S0       16     25,076,913,795      instructions                                                  (100.00%)
S0       16        252,632,039      cache-references                                              (100.00%)
S0       16        116,657,751      cache-misses                                                
S0       16                376      faults                                                        (100.00%)
S0       16                 14      migrations                                                  
S1       16    232,689,173,335      cycles                                                        (100.00%)
S1       16     27,545,961,313      instructions                                                  (100.00%)
S1       16        288,470,408      cache-references                                              (100.00%)
S1       16        147,706,230      cache-misses                                                
S1       16              1,435      faults                                                        (100.00%)
S1       16                157      migrations                                                  
S2       16        382,803,339      cycles                                                        (100.00%)
S2       16        200,270,163      instructions                                                  (100.00%)
S2       16          5,636,226      cache-references                                              (100.00%)
S2       16            623,106      cache-misses                                                
S2       16                  0      faults                                                        (100.00%)
S2       16                  1      migrations                                                  
S3       16        144,788,482      cycles                                                        (100.00%)
S3       16         53,247,055      instructions                                                  (100.00%)
S3       16            938,518      cache-references                                              (100.00%)
S3       16            157,204      cache-misses                                                
S3       16                144      faults                                                        (100.00%)
S3       16                  5      migrations                                                  

       6.919215409 seconds time elapsed

Socket: 0,1  MEM: 3

 Performance counter stats for 'system wide':

S0       16    216,227,191,615      cycles                                                        (100.00%)
S0       16     36,899,711,098      instructions                                                  (100.00%)
S0       16        252,412,669      cache-references                                              (100.00%)
S0       16        112,942,089      cache-misses                                                
S0       16                376      faults                                                        (100.00%)
S0       16                451      migrations                                                  
S1       16    247,143,418,030      cycles                                                        (100.00%)
S1       16     27,128,084,497      instructions                                                  (100.00%)
S1       16        288,880,259      cache-references                                              (100.00%)
S1       16        147,626,847      cache-misses                                                
S1       16              1,433      faults                                                        (100.00%)
S1       16                190      migrations                                                  
S2       16        514,912,487      cycles                                                        (100.00%)
S2       16        271,755,874      instructions                                                  (100.00%)
S2       16          8,106,239      cache-references                                              (100.00%)
S2       16            878,995      cache-misses                                                
S2       16                  0      faults                                                        (100.00%)
S2       16                  5      migrations                                                  
S3       16        125,101,211      cycles                                                        (100.00%)
S3       16         20,788,883      instructions                                                  (100.00%)
S3       16            625,013      cache-references                                              (100.00%)
S3       16            132,794      cache-misses                                                
S3       16                144      faults                                                        (100.00%)
S3       16                  5      migrations                                                  

       7.663529036 seconds time elapsed

 Time Elapsed: 7
 Time Elapsed: 7
 Time Elapsed: 7
 Time Elapsed: 7
Socket: 0,2  MEM: 1

 Performance counter stats for 'system wide':

S0       16    199,519,454,794      cycles                                                        (100.00%)
S0       16     21,635,452,475      instructions                                                  (100.00%)
S0       16        267,713,025      cache-references                                              (100.00%)
S0       16        125,462,659      cache-misses                                                
S0       16                376      faults                                                        (100.00%)
S0       16                 15      migrations                                                  
S1       16        279,156,553      cycles                                                        (100.00%)
S1       16        120,663,888      instructions                                                  (100.00%)
S1       16          3,252,881      cache-references                                              (100.00%)
S1       16            525,557      cache-misses                                                
S1       16              3,330      faults                                                        (100.00%)
S1       16                 40      migrations                                                  
S2       16    204,012,707,958      cycles                                                        (100.00%)
S2       16     15,296,760,900      instructions                                                  (100.00%)
S2       16        266,297,243      cache-references                                              (100.00%)
S2       16        142,474,591      cache-misses                                                
S2       16              1,171      faults                                                        (100.00%)
S2       16                 42      migrations                                                  
S3       16        245,945,292      cycles                                                        (100.00%)
S3       16        109,139,402      instructions                                                  (100.00%)
S3       16          2,447,163      cache-references                                              (100.00%)
S3       16            405,505      cache-misses                                                
S3       16              4,475      faults                                                        (100.00%)
S3       16                 47      migrations                                                  

       6.259727865 seconds time elapsed

Socket: 0,2  MEM: 2

 Performance counter stats for 'system wide':

S0       16    196,916,706,835      cycles                                                        (100.00%)
S0       16     27,407,914,191      instructions                                                  (100.00%)
S0       16        252,918,943      cache-references                                              (100.00%)
S0       16        113,978,329      cache-misses                                                
S0       16                377      faults                                                        (100.00%)
S0       16                 68      migrations                                                  
S1       16        383,270,518      cycles                                                        (100.00%)
S1       16        208,679,094      instructions                                                  (100.00%)
S1       16          5,490,491      cache-references                                              (100.00%)
S1       16            659,027      cache-misses                                                
S1       16                265      faults                                                        (100.00%)
S1       16                  3      migrations                                                  
S2       16    219,055,577,113      cycles                                                        (100.00%)
S2       16     26,499,402,998      instructions                                                  (100.00%)
S2       16        303,063,567      cache-references                                              (100.00%)
S2       16        133,144,667      cache-misses                                                
S2       16              1,216      faults                                                        (100.00%)
S2       16                134      migrations                                                  
S3       16        130,979,071      cycles                                                        (100.00%)
S3       16         51,491,295      instructions                                                  (100.00%)
S3       16            839,784      cache-references                                              (100.00%)
S3       16            143,975      cache-misses                                                
S3       16                144      faults                                                        (100.00%)
S3       16                  6      migrations                                                  

       6.616362874 seconds time elapsed

Socket: 0,2  MEM: 3

 Performance counter stats for 'system wide':

S0       16    214,308,055,719      cycles                                                        (100.00%)
S0       16     33,716,329,656      instructions                                                  (100.00%)
S0       16        252,093,376      cache-references                                              (100.00%)
S0       16        114,073,866      cache-misses                                                
S0       16                376      faults                                                        (100.00%)
S0       16                 30      migrations                                                  
S1       16        398,594,322      cycles                                                        (100.00%)
S1       16        219,969,989      instructions                                                  (100.00%)
S1       16          5,758,138      cache-references                                              (100.00%)
S1       16            643,873      cache-misses                                                
S1       16                265      faults                                                        (100.00%)
S1       16                  2      migrations                                                  
S2       16    235,379,489,439      cycles                                                        (100.00%)
S2       16     26,452,914,941      instructions                                                  (100.00%)
S2       16        285,372,408      cache-references                                              (100.00%)
S2       16        148,621,391      cache-misses                                                
S2       16              1,170      faults                                                        (100.00%)
S2       16                168      migrations                                                  
S3       16        117,953,966      cycles                                                        (100.00%)
S3       16         20,182,152      instructions                                                  (100.00%)
S3       16            604,280      cache-references                                              (100.00%)
S3       16            133,440      cache-misses                                                
S3       16                144      faults                                                        (100.00%)
S3       16                  5      migrations                                                  

       7.212727011 seconds time elapsed

 Time Elapsed: 7
Socket: 1,2  MEM: 1

 Performance counter stats for 'system wide':

S0       16        463,703,628      cycles                                                        (100.00%)
S0       16        235,384,237      instructions                                                  (100.00%)
S0       16          6,533,246      cache-references                                              (100.00%)
S0       16            820,724      cache-misses                                                
S0       16                 20      faults                                                        (100.00%)
S0       16                  4      migrations                                                  
S1       16    235,585,209,530      cycles                                                        (100.00%)
S1       16     32,799,200,074      instructions                                                  (100.00%)
S1       16        250,020,627      cache-references                                              (100.00%)
S1       16        107,873,530      cache-misses                                                
S1       16                621      faults                                                        (100.00%)
S1       16                117      migrations                                                  
S2       16    256,087,106,334      cycles                                                        (100.00%)
S2       16     27,341,178,887      instructions                                                  (100.00%)
S2       16        293,011,054      cache-references                                              (100.00%)
S2       16        147,382,664      cache-misses                                                
S2       16              1,169      faults                                                        (100.00%)
S2       16                149      migrations                                                  
S3       16        157,030,811      cycles                                                        (100.00%)
S3       16         53,286,215      instructions                                                  (100.00%)
S3       16            956,823      cache-references                                              (100.00%)
S3       16            153,086      cache-misses                                                
S3       16                144      faults                                                        (100.00%)
S3       16                  8      migrations                                                  

       7.612522786 seconds time elapsed

Socket: 1,2  MEM: 2

 Performance counter stats for 'system wide':

S0       16        134,669,590      cycles                                                        (100.00%)
S0       16         27,480,265      instructions                                                  (100.00%)
S0       16            671,778      cache-references                                              (100.00%)
S0       16            142,747      cache-misses                                                
S0       16                 20      faults                                                        (100.00%)
S0       16                  2      migrations                                                  
S1       16    225,852,827,491      cycles                                                        (100.00%)
S1       16     27,322,607,452      instructions                                                  (100.00%)
S1       16        237,304,429      cache-references                                              (100.00%)
S1       16        118,891,193      cache-misses                                                
S1       16                391      faults                                                        (100.00%)
S1       16                  6      migrations                                                  
S2       16    256,919,824,024      cycles                                                        (100.00%)
S2       16     27,958,337,322      instructions                                                  (100.00%)
S2       16        304,876,345      cache-references                                              (100.00%)
S2       16        135,466,509      cache-misses                                                
S2       16              1,169      faults                                                        (100.00%)
S2       16                153      migrations                                                  
S3       16        401,033,208      cycles                                                        (100.00%)
S3       16        225,654,619      instructions                                                  (100.00%)
S3       16          5,615,224      cache-references                                              (100.00%)
S3       16            639,012      cache-misses                                                
S3       16                144      faults                                                        (100.00%)
S3       16                 11      migrations                                                  

       7.344661827 seconds time elapsed

Socket: 1,2  MEM: 3

 Performance counter stats for 'system wide':

S0       16        239,107,439      cycles                                                        (100.00%)
S0       16         91,021,033      instructions                                                  (100.00%)
S0       16          2,475,137      cache-references                                              (100.00%)
S0       16            346,895      cache-misses                                                
S0       16                 20      faults                                                        (100.00%)
S0       16                  3      migrations                                                  
S1       16    226,708,585,447      cycles                                                        (100.00%)
S1       16     28,369,451,988      instructions                                                  (100.00%)
S1       16        234,132,859      cache-references                                              (100.00%)
S1       16        123,299,085      cache-misses                                                
S1       16                621      faults                                                        (100.00%)
S1       16                 56      migrations                                                  
S2       16    263,802,074,993      cycles                                                        (100.00%)
S2       16     26,100,742,812      instructions                                                  (100.00%)
S2       16        286,441,078      cache-references                                              (100.00%)
S2       16        146,781,606      cache-misses                                                
S2       16              1,176      faults                                                        (100.00%)
S2       16                206      migrations                                                  
S3       16      1,450,800,744      cycles                                                        (100.00%)
S3       16      1,230,020,583      instructions                                                  (100.00%)
S3       16         21,183,580      cache-references                                              (100.00%)
S3       16            849,103      cache-misses                                                
S3       16                146      faults                                                        (100.00%)
S3       16                  9      migrations                                                  

       8.100182291 seconds time elapsed

 Time Elapsed: 8
 Time Elapsed: 8
 Time Elapsed: 8
Socket: 0,3  MEM: 1

 Performance counter stats for 'system wide':

S0       16    251,131,839,060      cycles                                                        (100.00%)
S0       16     37,954,320,480      instructions                                                  (100.00%)
S0       16        254,377,137      cache-references                                              (100.00%)
S0       16        112,277,402      cache-misses                                                
S0       16                408      faults                                                        (100.00%)
S0       16                  6      migrations                                                  
S1       16        137,356,840      cycles                                                        (100.00%)
S1       16         35,379,589      instructions                                                  (100.00%)
S1       16            744,613      cache-references                                              (100.00%)
S1       16            162,880      cache-misses                                                
S1       16                265      faults                                                        (100.00%)
S1       16                  1      migrations                                                  
S2       16        121,132,575      cycles                                                        (100.00%)
S2       16         13,945,390      instructions                                                  (100.00%)
S2       16            544,775      cache-references                                              (100.00%)
S2       16            145,801      cache-misses                                                
S2       16                  0      faults                                                        (100.00%)
S2       16                  0      migrations                                                  
S3       16    265,549,236,277      cycles                                                        (100.00%)
S3       16     28,511,380,927      instructions                                                  (100.00%)
S3       16        291,531,896      cache-references                                              (100.00%)
S3       16        144,313,938      cache-misses                                                
S3       16              1,281      faults                                                        (100.00%)
S3       16                192      migrations                                                  

       7.958040745 seconds time elapsed

Socket: 0,3  MEM: 2

 Performance counter stats for 'system wide':

S0       16    237,149,495,228      cycles                                                        (100.00%)
S0       16     28,690,957,975      instructions                                                  (100.00%)
S0       16        253,108,167      cache-references                                              (100.00%)
S0       16        115,243,744      cache-misses                                                
S0       16                409      faults                                                        (100.00%)
S0       16                  5      migrations                                                  
S1       16        133,524,245      cycles                                                        (100.00%)
S1       16         35,296,025      instructions                                                  (100.00%)
S1       16            718,936      cache-references                                              (100.00%)
S1       16            136,647      cache-misses                                                
S1       16                265      faults                                                        (100.00%)
S1       16                  1      migrations                                                  
S2       16        116,874,872      cycles                                                        (100.00%)
S2       16         14,823,039      instructions                                                  (100.00%)
S2       16            524,877      cache-references                                              (100.00%)
S2       16            128,314      cache-misses                                                
S2       16                  0      faults                                                        (100.00%)
S2       16                  1      migrations                                                  
S3       16    253,006,668,042      cycles                                                        (100.00%)
S3       16     27,619,142,100      instructions                                                  (100.00%)
S3       16        288,498,817      cache-references                                              (100.00%)
S3       16        143,546,473      cache-misses                                                
S3       16              1,281      faults                                                        (100.00%)
S3       16                174      migrations                                                  

       7.510822058 seconds time elapsed

Socket: 0,3  MEM: 3

 Performance counter stats for 'system wide':

S0       16    165,355,820,413      cycles                                                        (100.00%)
S0       16     26,059,971,066      instructions                                                  (100.00%)
S0       16        253,115,073      cache-references                                              (100.00%)
S0       16        114,324,546      cache-misses                                                
S0       16                420      faults                                                        (100.00%)
S0       16                 17      migrations                                                  
S1       16        262,045,492      cycles                                                        (100.00%)
S1       16        100,324,369      instructions                                                  (100.00%)
S1       16          2,767,830      cache-references                                              (100.00%)
S1       16            490,125      cache-misses                                                
S1       16              4,575      faults                                                        (100.00%)
S1       16                 48      migrations                                                  
S2       16        228,195,920      cycles                                                        (100.00%)
S2       16         87,651,323      instructions                                                  (100.00%)
S2       16          2,614,605      cache-references                                              (100.00%)
S2       16            427,648      cache-misses                                                
S2       16              3,105      faults                                                        (100.00%)
S2       16                 43      migrations                                                  
S3       16    191,986,567,495      cycles                                                        (100.00%)
S3       16     25,966,972,482      instructions                                                  (100.00%)
S3       16        304,015,830      cache-references                                              (100.00%)
S3       16        133,695,385      cache-misses                                                
S3       16              1,281      faults                                                        (100.00%)
S3       16                134      migrations                                                  

       5.532674199 seconds time elapsed

 Time Elapsed: 6
Socket: 1,3  MEM: 1

 Performance counter stats for 'system wide':

S0       16        138,595,855      cycles                                                        (100.00%)
S0       16         20,087,496      instructions                                                  (100.00%)
S0       16            466,876      cache-references                                              (100.00%)
S0       16            128,316      cache-misses                                                
S0       16                 20      faults                                                        (100.00%)
S0       16                  4      migrations                                                  
S1       16    223,914,011,444      cycles                                                        (100.00%)
S1       16     36,477,960,641      instructions                                                  (100.00%)
S1       16        252,649,850      cache-references                                              (100.00%)
S1       16        114,513,169      cache-misses                                                
S1       16                653      faults                                                        (100.00%)
S1       16                  8      migrations                                                  
S2       16        409,591,633      cycles                                                        (100.00%)
S2       16        213,173,748      instructions                                                  (100.00%)
S2       16          5,375,470      cache-references                                              (100.00%)
S2       16            742,394      cache-misses                                                
S2       16                  6      faults                                                        (100.00%)
S2       16                  3      migrations                                                  
S3       16    245,430,312,533      cycles                                                        (100.00%)
S3       16     27,680,593,718      instructions                                                  (100.00%)
S3       16        287,120,961      cache-references                                              (100.00%)
S3       16        148,651,835      cache-misses                                                
S3       16              1,282      faults                                                        (100.00%)
S3       16                172      migrations                                                  

       7.315475968 seconds time elapsed

Socket: 1,3  MEM: 2

 Performance counter stats for 'system wide':

S0       16        134,294,726      cycles                                                        (100.00%)
S0       16         23,748,255      instructions                                                  (100.00%)
S0       16            490,355      cache-references                                              (100.00%)
S0       16            123,898      cache-misses                                                
S0       16                121      faults                                                        (100.00%)
S0       16                  3      migrations                                                  
S1       16    219,535,943,246      cycles                                                        (100.00%)
S1       16     30,025,654,350      instructions                                                  (100.00%)
S1       16        231,926,664      cache-references                                              (100.00%)
S1       16        125,562,664      cache-misses                                                
S1       16                553      faults                                                        (100.00%)
S1       16                  4      migrations                                                  
S2       16        294,236,703      cycles                                                        (100.00%)
S2       16        135,268,713      instructions                                                  (100.00%)
S2       16          3,829,371      cache-references                                              (100.00%)
S2       16            481,249      cache-misses                                                
S2       16                  0      faults                                                        (100.00%)
S2       16                  1      migrations                                                  
S3       16    247,809,955,058      cycles                                                        (100.00%)
S3       16     27,792,058,882      instructions                                                  (100.00%)
S3       16        286,470,325      cache-references                                              (100.00%)
S3       16        149,678,241      cache-misses                                                
S3       16              1,282      faults                                                        (100.00%)
S3       16                175      migrations                                                  

       7.201998887 seconds time elapsed

Socket: 1,3  MEM: 3

 Performance counter stats for 'system wide':

S0       16        117,856,180      cycles                                                        (100.00%)
S0       16         16,922,497      instructions                                                  (100.00%)
S0       16            375,465      cache-references                                              (100.00%)
S0       16            100,594      cache-misses                                                
S0       16                 20      faults                                                        (100.00%)
S0       16                  2      migrations                                                  
S1       16    199,146,222,522      cycles                                                        (100.00%)
S1       16     22,989,670,557      instructions                                                  (100.00%)
S1       16        231,242,078      cache-references                                              (100.00%)
S1       16        124,542,743      cache-misses                                                
S1       16                423      faults                                                        (100.00%)
S1       16                 24      migrations                                                  
S2       16        369,534,750      cycles                                                        (100.00%)
S2       16        195,088,276      instructions                                                  (100.00%)
S2       16          5,336,850      cache-references                                              (100.00%)
S2       16            604,415      cache-misses                                                
S2       16                  0      faults                                                        (100.00%)
S2       16                  2      migrations                                                  
S3       16    220,690,333,862      cycles                                                        (100.00%)
S3       16     26,839,733,228      instructions                                                  (100.00%)
S3       16        302,488,119      cache-references                                              (100.00%)
S3       16        131,332,734      cache-misses                                                
S3       16              1,283      faults                                                        (100.00%)
S3       16                142      migrations                                                  

       6.514037022 seconds time elapsed

 Time Elapsed: 6
Socket: 2,3  MEM: 1

 Performance counter stats for 'system wide':

S0       16        504,045,047      cycles                                                        (100.00%)
S0       16        281,361,064      instructions                                                  (100.00%)
S0       16          6,836,860      cache-references                                              (100.00%)
S0       16            848,724      cache-misses                                                
S0       16                250      faults                                                        (100.00%)
S0       16                  6      migrations                                                  
S1       16        114,257,175      cycles                                                        (100.00%)
S1       16         14,083,027      instructions                                                  (100.00%)
S1       16            444,727      cache-references                                              (100.00%)
S1       16            128,057      cache-misses                                                
S1       16                 35      faults                                                        (100.00%)
S1       16                  3      migrations                                                  
S2       16    243,959,995,303      cycles                                                        (100.00%)
S2       16     31,784,412,595      instructions                                                  (100.00%)
S2       16        235,585,455      cache-references                                              (100.00%)
S2       16        125,738,336      cache-misses                                                
S2       16                388      faults                                                        (100.00%)
S2       16                 11      migrations                                                  
S3       16    262,880,542,833      cycles                                                        (100.00%)
S3       16     28,315,818,858      instructions                                                  (100.00%)
S3       16        289,540,236      cache-references                                              (100.00%)
S3       16        149,514,868      cache-misses                                                
S3       16              1,281      faults                                                        (100.00%)
S3       16                169      migrations                                                  

       7.963489257 seconds time elapsed

Socket: 2,3  MEM: 2

 Performance counter stats for 'system wide':

S0       16      1,416,977,387      cycles                                                        (100.00%)
S0       16      1,223,920,226      instructions                                                  (100.00%)
S0       16         20,281,316      cache-references                                              (100.00%)
S0       16            767,102      cache-misses                                                
S0       16                256      faults                                                        (100.00%)
S0       16                  4      migrations                                                  
S1       16        201,384,796      cycles                                                        (100.00%)
S1       16         83,018,426      instructions                                                  (100.00%)
S1       16          2,278,848      cache-references                                              (100.00%)
S1       16            302,468      cache-misses                                                
S1       16                 35      faults                                                        (100.00%)
S1       16                  2      migrations                                                  
S2       16    215,610,307,783      cycles                                                        (100.00%)
S2       16     26,178,203,126      instructions                                                  (100.00%)
S2       16        254,475,520      cache-references                                              (100.00%)
S2       16        117,716,748      cache-misses                                                
S2       16                388      faults                                                        (100.00%)
S2       16                 10      migrations                                                  
S3       16    231,537,809,335      cycles                                                        (100.00%)
S3       16     27,175,461,573      instructions                                                  (100.00%)
S3       16        288,253,550      cache-references                                              (100.00%)
S3       16        147,249,841      cache-misses                                                
S3       16              1,282      faults                                                        (100.00%)
S3       16                188      migrations                                                  

       7.012016768 seconds time elapsed

Socket: 2,3  MEM: 3

 Performance counter stats for 'system wide':

S0       16        160,554,664      cycles                                                        (100.00%)
S0       16         41,152,005      instructions                                                  (100.00%)
S0       16            532,012      cache-references                                              (100.00%)
S0       16            142,095      cache-misses                                                
S0       16                491      faults                                                        (100.00%)
S0       16                  2      migrations                                                  
S1       16        359,991,468      cycles                                                        (100.00%)
S1       16        192,648,310      instructions                                                  (100.00%)
S1       16          5,214,215      cache-references                                              (100.00%)
S1       16            604,886      cache-misses                                                
S1       16                 35      faults                                                        (100.00%)
S1       16                  0      migrations                                                  
S2       16    200,208,737,851      cycles                                                        (100.00%)
S2       16     19,992,779,444      instructions                                                  (100.00%)
S2       16        238,443,241      cache-references                                              (100.00%)
S2       16        124,888,741      cache-misses                                                
S2       16                387      faults                                                        (100.00%)
S2       16                  9      migrations                                                  
S3       16    221,732,919,337      cycles                                                        (100.00%)
S3       16     27,788,285,729      instructions                                                  (100.00%)
S3       16        302,524,663      cache-references                                              (100.00%)
S3       16        134,820,543      cache-misses                                                
S3       16              1,282      faults                                                        (100.00%)
S3       16                144      migrations                                                  

       6.549476730 seconds time elapsed

 Time Elapsed: 7
 Time Elapsed: 7
