Number of threads: 32
Job ID: 4768
Machine: penguin 
/var/log/slurm/log_slurmd//job04768/slurm_script: line 39: 0: No such file or directory
 Time Elapsed: 
/var/log/slurm/log_slurmd//job04768/slurm_script: line 39: 0: No such file or directory
 Time Elapsed: 
/var/log/slurm/log_slurmd//job04768/slurm_script: line 39: 0: No such file or directory
 Time Elapsed: 
/var/log/slurm/log_slurmd//job04768/slurm_script: line 39: 0: No such file or directory
 Time Elapsed: 
/var/log/slurm/log_slurmd//job04768/slurm_script: line 39: 1: No such file or directory
 Time Elapsed: 
/var/log/slurm/log_slurmd//job04768/slurm_script: line 39: 1: No such file or directory
 Time Elapsed: 
/var/log/slurm/log_slurmd//job04768/slurm_script: line 39: 1: No such file or directory
 Time Elapsed: 
/var/log/slurm/log_slurmd//job04768/slurm_script: line 39: 1: No such file or directory
 Time Elapsed: 
/var/log/slurm/log_slurmd//job04768/slurm_script: line 39: 2: No such file or directory
 Time Elapsed: 
/var/log/slurm/log_slurmd//job04768/slurm_script: line 39: 2: No such file or directory
 Time Elapsed: 
/var/log/slurm/log_slurmd//job04768/slurm_script: line 39: 2: No such file or directory
 Time Elapsed: 
/var/log/slurm/log_slurmd//job04768/slurm_script: line 39: 2: No such file or directory
 Time Elapsed: 
/var/log/slurm/log_slurmd//job04768/slurm_script: line 39: 3: No such file or directory
 Time Elapsed: 
/var/log/slurm/log_slurmd//job04768/slurm_script: line 39: 3: No such file or directory
 Time Elapsed: 
/var/log/slurm/log_slurmd//job04768/slurm_script: line 39: 3: No such file or directory
 Time Elapsed: 
/var/log/slurm/log_slurmd//job04768/slurm_script: line 39: 3: No such file or directory
 Time Elapsed: 
