Number of threads: 32
Job ID: 4796
Machine: penguin 
 Time Elapsed: 
 Time Elapsed: 
 Time Elapsed: 
 Time Elapsed: 
Socket: 0,1  MEM: 1

 Performance counter stats for 'system wide':

S0       16    605,420,710,939      cycles                                                        (100.00%)
S0       16     53,088,341,980      instructions                                                  (100.00%)
S0       16      1,120,349,002      cache-references                                              (100.00%)
S0       16        508,048,122      cache-misses                                                
S0       16              1,536      faults                                                        (100.00%)
S0       16                 16      migrations                                                  
S1       16    609,424,928,940      cycles                                                        (100.00%)
S1       16     49,192,783,961      instructions                                                  (100.00%)
S1       16      1,080,482,305      cache-references                                              (100.00%)
S1       16        506,691,270      cache-misses                                                
S1       16              2,397      faults                                                        (100.00%)
S1       16                 50      migrations                                                  
S2       16      1,032,201,458      cycles                                                        (100.00%)
S2       16        544,576,797      instructions                                                  (100.00%)
S2       16         14,394,255      cache-references                                              (100.00%)
S2       16          1,858,990      cache-misses                                                
S2       16                361      faults                                                        (100.00%)
S2       16                 12      migrations                                                  
S3       16        273,874,067      cycles                                                        (100.00%)
S3       16         40,586,224      instructions                                                  (100.00%)
S3       16          1,101,108      cache-references                                              (100.00%)
S3       16            255,999      cache-misses                                                
S3       16                146      faults                                                        (100.00%)
S3       16                 10      migrations                                                  

      18.481473170 seconds time elapsed

Socket: 0,1  MEM: 2

 Performance counter stats for 'system wide':

S0       16    777,577,001,184      cycles                                                        (100.00%)
S0       16     70,968,489,975      instructions                                                  (100.00%)
S0       16      1,014,084,577      cache-references                                              (100.00%)
S0       16        458,978,732      cache-misses                                                
S0       16              1,473      faults                                                        (100.00%)
S0       16              2,010      migrations                                                  
S1       16    845,169,451,392      cycles                                                        (100.00%)
S1       16     77,408,349,337      instructions                                                  (100.00%)
S1       16      1,143,839,891      cache-references                                              (100.00%)
S1       16        592,729,261      cache-misses                                                
S1       16              2,394      faults                                                        (100.00%)
S1       16                510      migrations                                                  
S2       16      2,212,357,355      cycles                                                        (100.00%)
S2       16      1,625,676,720      instructions                                                  (100.00%)
S2       16         31,550,699      cache-references                                              (100.00%)
S2       16          1,915,892      cache-misses                                                
S2       16                693      faults                                                        (100.00%)
S2       16                 37      migrations                                                  
S3       16        821,450,623      cycles                                                        (100.00%)
S3       16        409,404,349      instructions                                                  (100.00%)
S3       16          9,870,043      cache-references                                              (100.00%)
S3       16          1,023,076      cache-misses                                                
S3       16                175      faults                                                        (100.00%)
S3       16                 21      migrations                                                  

      25.188226974 seconds time elapsed

Socket: 0,1  MEM: 3

 Performance counter stats for 'system wide':

S0       16    796,030,727,702      cycles                                                        (100.00%)
S0       16    111,187,718,738      instructions                                                  (100.00%)
S0       16      1,019,745,465      cache-references                                              (100.00%)
S0       16        463,851,539      cache-misses                                                
S0       16              1,480      faults                                                        (100.00%)
S0       16              2,183      migrations                                                  
S1       16    921,866,244,048      cycles                                                        (100.00%)
S1       16     77,315,183,771      instructions                                                  (100.00%)
S1       16      1,142,637,724      cache-references                                              (100.00%)
S1       16        587,940,146      cache-misses                                                
S1       16              2,438      faults                                                        (100.00%)
S1       16                464      migrations                                                  
S2       16      1,067,734,783      cycles                                                        (100.00%)
S2       16        609,967,261      instructions                                                  (100.00%)
S2       16         13,328,318      cache-references                                              (100.00%)
S2       16          1,192,129      cache-misses                                                
S2       16              5,172      faults                                                        (100.00%)
S2       16                 59      migrations                                                  
S3       16        845,534,924      cycles                                                        (100.00%)
S3       16        370,075,202      instructions                                                  (100.00%)
S3       16          9,245,562      cache-references                                              (100.00%)
S3       16          1,091,188      cache-misses                                                
S3       16              2,955      faults                                                        (100.00%)
S3       16                 58      migrations                                                  

      27.411873517 seconds time elapsed

 Time Elapsed: 27
 Time Elapsed: 27
 Time Elapsed: 27
 Time Elapsed: 27
Socket: 0,2  MEM: 1

 Performance counter stats for 'system wide':

S0       16    775,748,579,713      cycles                                                        (100.00%)
S0       16     68,602,675,792      instructions                                                  (100.00%)
S0       16      1,071,697,700      cache-references                                              (100.00%)
S0       16        500,996,928      cache-misses                                                
S0       16              1,471      faults                                                        (100.00%)
S0       16                 42      migrations                                                  
S1       16      1,459,156,760      cycles                                                        (100.00%)
S1       16      1,123,278,243      instructions                                                  (100.00%)
S1       16         18,107,654      cache-references                                              (100.00%)
S1       16            663,985      cache-misses                                                
S1       16                488      faults                                                        (100.00%)
S1       16                  7      migrations                                                  
S2       16    808,200,428,715      cycles                                                        (100.00%)
S2       16     51,449,992,963      instructions                                                  (100.00%)
S2       16      1,065,405,230      cache-references                                              (100.00%)
S2       16        563,673,358      cache-misses                                                
S2       16              2,567      faults                                                        (100.00%)
S2       16                 76      migrations                                                  
S3       16        697,353,270      cycles                                                        (100.00%)
S3       16        313,842,061      instructions                                                  (100.00%)
S3       16          8,051,914      cache-references                                              (100.00%)
S3       16            876,075      cache-misses                                                
S3       16                150      faults                                                        (100.00%)
S3       16                 14      migrations                                                  

      24.401809028 seconds time elapsed

Socket: 0,2  MEM: 2

 Performance counter stats for 'system wide':

S0       16    733,239,512,568      cycles                                                        (100.00%)
S0       16     81,509,925,828      instructions                                                  (100.00%)
S0       16      1,008,829,205      cache-references                                              (100.00%)
S0       16        454,552,371      cache-misses                                                
S0       16              1,444      faults                                                        (100.00%)
S0       16                264      migrations                                                  
S1       16        731,340,591      cycles                                                        (100.00%)
S1       16        345,479,577      instructions                                                  (100.00%)
S1       16          7,378,109      cache-references                                              (100.00%)
S1       16          1,084,118      cache-misses                                                
S1       16              4,496      faults                                                        (100.00%)
S1       16                 57      migrations                                                  
S2       16    812,028,374,221      cycles                                                        (100.00%)
S2       16     73,217,460,243      instructions                                                  (100.00%)
S2       16      1,206,087,249      cache-references                                              (100.00%)
S2       16        548,092,388      cache-misses                                                
S2       16              2,371      faults                                                        (100.00%)
S2       16                645      migrations                                                  
S3       16        512,403,239      cycles                                                        (100.00%)
S3       16        140,807,051      instructions                                                  (100.00%)
S3       16          4,289,827      cache-references                                              (100.00%)
S3       16            782,885      cache-misses                                                
S3       16              4,761      faults                                                        (100.00%)
S3       16                 59      migrations                                                  

      23.594855912 seconds time elapsed

Socket: 0,2  MEM: 3

 Performance counter stats for 'system wide':

S0       16    770,228,225,477      cycles                                                        (100.00%)
S0       16     64,546,777,912      instructions                                                  (100.00%)
S0       16      1,063,476,417      cache-references                                              (100.00%)
S0       16        495,541,113      cache-misses                                                
S0       16              1,480      faults                                                        (100.00%)
S0       16                 35      migrations                                                  
S1       16      1,288,840,349      cycles                                                        (100.00%)
S1       16        880,727,747      instructions                                                  (100.00%)
S1       16         19,927,860      cache-references                                              (100.00%)
S1       16          1,050,984      cache-misses                                                
S1       16                728      faults                                                        (100.00%)
S1       16                  8      migrations                                                  
S2       16    797,466,393,184      cycles                                                        (100.00%)
S2       16     51,390,976,169      instructions                                                  (100.00%)
S2       16      1,060,234,309      cache-references                                              (100.00%)
S2       16        563,579,176      cache-misses                                                
S2       16              2,317      faults                                                        (100.00%)
S2       16                 67      migrations                                                  
S3       16        373,770,137      cycles                                                        (100.00%)
S3       16         81,009,924      instructions                                                  (100.00%)
S3       16          1,816,940      cache-references                                              (100.00%)
S3       16            434,551      cache-misses                                                
S3       16                150      faults                                                        (100.00%)
S3       16                  9      migrations                                                  

      23.856751616 seconds time elapsed

 Time Elapsed: 24
Socket: 1,2  MEM: 1

 Performance counter stats for 'system wide':

S0       16      1,425,119,125      cycles                                                        (100.00%)
S0       16        735,647,162      instructions                                                  (100.00%)
S0       16         20,029,368      cache-references                                              (100.00%)
S0       16          2,108,202      cache-misses                                                
S0       16              3,814      faults                                                        (100.00%)
S0       16                 63      migrations                                                  
S1       16    847,100,385,730      cycles                                                        (100.00%)
S1       16     96,045,404,761      instructions                                                  (100.00%)
S1       16      1,000,103,256      cache-references                                              (100.00%)
S1       16        429,066,100      cache-misses                                                
S1       16              2,118      faults                                                        (100.00%)
S1       16              1,044      migrations                                                  
S2       16    962,110,640,406      cycles                                                        (100.00%)
S2       16     77,032,418,246      instructions                                                  (100.00%)
S2       16      1,157,459,043      cache-references                                              (100.00%)
S2       16        590,195,937      cache-misses                                                
S2       16              2,346      faults                                                        (100.00%)
S2       16                670      migrations                                                  
S3       16      1,884,666,276      cycles                                                        (100.00%)
S3       16      1,316,278,997      instructions                                                  (100.00%)
S3       16         24,665,607      cache-references                                              (100.00%)
S3       16          1,532,394      cache-misses                                                
S3       16              3,775      faults                                                        (100.00%)
S3       16                 61      migrations                                                  

      28.307394174 seconds time elapsed

Socket: 1,2  MEM: 2

 Performance counter stats for 'system wide':

S0       16      1,434,783,023      cycles                                                        (100.00%)
S0       16        785,738,154      instructions                                                  (100.00%)
S0       16         20,317,765      cache-references                                              (100.00%)
S0       16          2,218,726      cache-misses                                                
S0       16                713      faults                                                        (100.00%)
S0       16                 12      migrations                                                  
S1       16    860,308,503,336      cycles                                                        (100.00%)
S1       16     50,359,754,212      instructions                                                  (100.00%)
S1       16      1,003,953,080      cache-references                                              (100.00%)
S1       16        517,483,279      cache-misses                                                
S1       16              1,451      faults                                                        (100.00%)
S1       16                 64      migrations                                                  
S2       16    881,288,083,623      cycles                                                        (100.00%)
S2       16     60,678,592,315      instructions                                                  (100.00%)
S2       16      1,139,334,172      cache-references                                              (100.00%)
S2       16        523,915,644      cache-misses                                                
S2       16              2,360      faults                                                        (100.00%)
S2       16                 76      migrations                                                  
S3       16        505,930,213      cycles                                                        (100.00%)
S3       16        183,305,766      instructions                                                  (100.00%)
S3       16          2,559,057      cache-references                                              (100.00%)
S3       16            449,567      cache-misses                                                
S3       16                150      faults                                                        (100.00%)
S3       16                  7      migrations                                                  

      25.808242261 seconds time elapsed

Socket: 1,2  MEM: 3

 Performance counter stats for 'system wide':

S0       16      1,589,230,674      cycles                                                        (100.00%)
S0       16        974,736,403      instructions                                                  (100.00%)
S0       16         24,265,500      cache-references                                              (100.00%)
S0       16          1,911,434      cache-misses                                                
S0       16                714      faults                                                        (100.00%)
S0       16                  9      migrations                                                  
S1       16    908,452,244,052      cycles                                                        (100.00%)
S1       16     49,341,994,985      instructions                                                  (100.00%)
S1       16        997,486,179      cache-references                                              (100.00%)
S1       16        541,728,481      cache-misses                                                
S1       16              1,450      faults                                                        (100.00%)
S1       16                 50      migrations                                                  
S2       16    932,582,902,505      cycles                                                        (100.00%)
S2       16     52,984,144,558      instructions                                                  (100.00%)
S2       16      1,069,655,683      cache-references                                              (100.00%)
S2       16        558,100,849      cache-misses                                                
S2       16              2,361      faults                                                        (100.00%)
S2       16                 80      migrations                                                  
S3       16      1,550,013,369      cycles                                                        (100.00%)
S3       16      1,173,983,485      instructions                                                  (100.00%)
S3       16         18,384,938      cache-references                                              (100.00%)
S3       16            619,681      cache-misses                                                
S3       16                152      faults                                                        (100.00%)
S3       16                  7      migrations                                                  

      27.699584410 seconds time elapsed

 Time Elapsed: 28
 Time Elapsed: 28
 Time Elapsed: 28
Socket: 0,3  MEM: 1

 Performance counter stats for 'system wide':

S0       16    884,165,591,752      cycles                                                        (100.00%)
S0       16    115,367,357,790      instructions                                                  (100.00%)
S0       16      1,006,088,240      cache-references                                              (100.00%)
S0       16        445,482,031      cache-misses                                                
S0       16              1,528      faults                                                        (100.00%)
S0       16                101      migrations                                                  
S1       16        624,760,119      cycles                                                        (100.00%)
S1       16        168,821,116      instructions                                                  (100.00%)
S1       16          3,517,582      cache-references                                              (100.00%)
S1       16            811,726      cache-misses                                                
S1       16              4,341      faults                                                        (100.00%)
S1       16                 57      migrations                                                  
S2       16      1,789,019,279      cycles                                                        (100.00%)
S2       16        938,845,097      instructions                                                  (100.00%)
S2       16         24,978,281      cache-references                                              (100.00%)
S2       16          3,203,049      cache-misses                                                
S2       16              3,976      faults                                                        (100.00%)
S2       16                 47      migrations                                                  
S3       16  1,006,471,226,740      cycles                                                        (100.00%)
S3       16     84,492,483,087      instructions                                                  (100.00%)
S3       16      1,162,895,076      cache-references                                              (100.00%)
S3       16        585,534,982      cache-misses                                                
S3       16              2,438      faults                                                        (100.00%)
S3       16                512      migrations                                                  

      29.785818200 seconds time elapsed

Socket: 0,3  MEM: 2

 Performance counter stats for 'system wide':

S0       16    848,315,615,204      cycles                                                        (100.00%)
S0       16     80,716,195,093      instructions                                                  (100.00%)
S0       16      1,011,999,462      cache-references                                              (100.00%)
S0       16        458,967,607      cache-misses                                                
S0       16              1,494      faults                                                        (100.00%)
S0       16                109      migrations                                                  
S1       16        477,575,930      cycles                                                        (100.00%)
S1       16        123,058,663      instructions                                                  (100.00%)
S1       16          2,149,238      cache-references                                              (100.00%)
S1       16            458,180      cache-misses                                                
S1       16                734      faults                                                        (100.00%)
S1       16                  2      migrations                                                  
S2       16      2,656,114,445      cycles                                                        (100.00%)
S2       16      1,877,462,306      instructions                                                  (100.00%)
S2       16         38,771,616      cache-references                                              (100.00%)
S2       16          2,939,396      cache-misses                                                
S2       16                  0      faults                                                        (100.00%)
S2       16                  5      migrations                                                  
S3       16    936,947,712,860      cycles                                                        (100.00%)
S3       16     80,686,686,942      instructions                                                  (100.00%)
S3       16      1,154,568,336      cache-references                                              (100.00%)
S3       16        580,033,270      cache-misses                                                
S3       16              2,445      faults                                                        (100.00%)
S3       16                455      migrations                                                  

      27.782470781 seconds time elapsed

Socket: 0,3  MEM: 3

 Performance counter stats for 'system wide':

S0       16    607,715,733,751      cycles                                                        (100.00%)
S0       16     47,776,410,947      instructions                                                  (100.00%)
S0       16      1,070,641,642      cache-references                                              (100.00%)
S0       16        512,414,517      cache-misses                                                
S0       16              1,461      faults                                                        (100.00%)
S0       16                 48      migrations                                                  
S1       16        444,711,856      cycles                                                        (100.00%)
S1       16        129,798,618      instructions                                                  (100.00%)
S1       16          2,808,794      cache-references                                              (100.00%)
S1       16            651,838      cache-misses                                                
S1       16              6,262      faults                                                        (100.00%)
S1       16                 56      migrations                                                  
S2       16      1,114,268,902      cycles                                                        (100.00%)
S2       16        697,530,033      instructions                                                  (100.00%)
S2       16         16,581,817      cache-references                                              (100.00%)
S2       16          1,387,995      cache-misses                                                
S2       16              3,278      faults                                                        (100.00%)
S2       16                 35      migrations                                                  
S3       16    617,732,454,829      cycles                                                        (100.00%)
S3       16     52,209,833,023      instructions                                                  (100.00%)
S3       16      1,133,101,690      cache-references                                              (100.00%)
S3       16        523,932,107      cache-misses                                                
S3       16              2,478      faults                                                        (100.00%)
S3       16                 77      migrations                                                  

      18.446515703 seconds time elapsed

 Time Elapsed: 18
Socket: 1,3  MEM: 1

 Performance counter stats for 'system wide':

S0       16        418,772,467      cycles                                                        (100.00%)
S0       16         89,252,703      instructions                                                  (100.00%)
S0       16          1,556,296      cache-references                                              (100.00%)
S0       16            350,887      cache-misses                                                
S0       16                830      faults                                                        (100.00%)
S0       16                  4      migrations                                                  
S1       16    771,525,762,956      cycles                                                        (100.00%)
S1       16     70,566,132,160      instructions                                                  (100.00%)
S1       16      1,068,820,264      cache-references                                              (100.00%)
S1       16        505,669,317      cache-misses                                                
S1       16              1,613      faults                                                        (100.00%)
S1       16                 35      migrations                                                  
S2       16      1,525,392,839      cycles                                                        (100.00%)
S2       16        946,566,564      instructions                                                  (100.00%)
S2       16         22,404,116      cache-references                                              (100.00%)
S2       16          1,778,406      cache-misses                                                
S2       16                  0      faults                                                        (100.00%)
S2       16                 10      migrations                                                  
S3       16    823,891,340,538      cycles                                                        (100.00%)
S3       16     51,521,808,883      instructions                                                  (100.00%)
S3       16      1,061,617,456      cache-references                                              (100.00%)
S3       16        558,903,674      cache-misses                                                
S3       16              2,466      faults                                                        (100.00%)
S3       16                 80      migrations                                                  

      24.426534108 seconds time elapsed

Socket: 1,3  MEM: 2

 Performance counter stats for 'system wide':

S0       16        500,164,201      cycles                                                        (100.00%)
S0       16        118,592,084      instructions                                                  (100.00%)
S0       16          2,242,999      cache-references                                              (100.00%)
S0       16            515,758      cache-misses                                                
S0       16              3,059      faults                                                        (100.00%)
S0       16                 39      migrations                                                  
S1       16    815,808,972,596      cycles                                                        (100.00%)
S1       16     92,105,071,347      instructions                                                  (100.00%)
S1       16        939,553,821      cache-references                                              (100.00%)
S1       16        508,573,907      cache-misses                                                
S1       16              1,614      faults                                                        (100.00%)
S1       16              1,688      migrations                                                  
S2       16      2,488,141,200      cycles                                                        (100.00%)
S2       16      1,775,367,066      instructions                                                  (100.00%)
S2       16         37,310,197      cache-references                                              (100.00%)
S2       16          2,264,172      cache-misses                                                
S2       16              5,151      faults                                                        (100.00%)
S2       16                 67      migrations                                                  
S3       16    914,657,580,880      cycles                                                        (100.00%)
S3       16     76,015,640,424      instructions                                                  (100.00%)
S3       16      1,140,452,309      cache-references                                              (100.00%)
S3       16        596,119,653      cache-misses                                                
S3       16              2,476      faults                                                        (100.00%)
S3       16                635      migrations                                                  

      26.855320930 seconds time elapsed

Socket: 1,3  MEM: 3

 Performance counter stats for 'system wide':

S0       16        393,360,255      cycles                                                        (100.00%)
S0       16         80,464,388      instructions                                                  (100.00%)
S0       16          1,498,432      cache-references                                              (100.00%)
S0       16            313,131      cache-misses                                                
S0       16                482      faults                                                        (100.00%)
S0       16                  6      migrations                                                  
S1       16    740,844,958,076      cycles                                                        (100.00%)
S1       16     67,025,002,133      instructions                                                  (100.00%)
S1       16        933,862,333      cache-references                                              (100.00%)
S1       16        499,099,620      cache-misses                                                
S1       16              1,482      faults                                                        (100.00%)
S1       16              1,121      migrations                                                  
S2       16      1,366,722,917      cycles                                                        (100.00%)
S2       16        957,787,764      instructions                                                  (100.00%)
S2       16         20,757,288      cache-references                                              (100.00%)
S2       16          1,303,805      cache-misses                                                
S2       16                  2      faults                                                        (100.00%)
S2       16                 10      migrations                                                  
S3       16    817,463,941,573      cycles                                                        (100.00%)
S3       16     78,489,945,222      instructions                                                  (100.00%)
S3       16      1,195,944,039      cache-references                                              (100.00%)
S3       16        526,414,612      cache-misses                                                
S3       16              2,478      faults                                                        (100.00%)
S3       16                480      migrations                                                  

      24.142129484 seconds time elapsed

 Time Elapsed: 24
Socket: 2,3  MEM: 1

 Performance counter stats for 'system wide':

S0       16        436,614,613      cycles                                                        (100.00%)
S0       16        103,187,686      instructions                                                  (100.00%)
S0       16          1,813,755      cache-references                                              (100.00%)
S0       16            354,204      cache-misses                                                
S0       16                713      faults                                                        (100.00%)
S0       16                  6      migrations                                                  
S1       16      2,370,321,724      cycles                                                        (100.00%)
S1       16      1,651,110,205      instructions                                                  (100.00%)
S1       16         33,556,326      cache-references                                              (100.00%)
S1       16          2,415,771      cache-misses                                                
S1       16                 41      faults                                                        (100.00%)
S1       16                  2      migrations                                                  
S2       16    889,454,874,243      cycles                                                        (100.00%)
S2       16     50,598,779,110      instructions                                                  (100.00%)
S2       16      1,004,983,053      cache-references                                              (100.00%)
S2       16        547,044,463      cache-misses                                                
S2       16              1,445      faults                                                        (100.00%)
S2       16                  9      migrations                                                  
S3       16    904,579,642,920      cycles                                                        (100.00%)
S3       16     52,986,990,535      instructions                                                  (100.00%)
S3       16      1,075,979,622      cache-references                                              (100.00%)
S3       16        563,838,032      cache-misses                                                
S3       16              2,474      faults                                                        (100.00%)
S3       16                 90      migrations                                                  

      26.859466416 seconds time elapsed

Socket: 2,3  MEM: 2

 Performance counter stats for 'system wide':

S0       16      1,265,530,731      cycles                                                        (100.00%)
S0       16        628,756,227      instructions                                                  (100.00%)
S0       16         17,091,402      cache-references                                              (100.00%)
S0       16          2,191,368      cache-misses                                                
S0       16              3,553      faults                                                        (100.00%)
S0       16                 36      migrations                                                  
S1       16        738,660,116      cycles                                                        (100.00%)
S1       16        299,758,047      instructions                                                  (100.00%)
S1       16          6,150,631      cache-references                                              (100.00%)
S1       16          1,013,381      cache-misses                                                
S1       16              4,563      faults                                                        (100.00%)
S1       16                 47      migrations                                                  
S2       16    789,455,931,175      cycles                                                        (100.00%)
S2       16     77,936,095,678      instructions                                                  (100.00%)
S2       16      1,018,730,177      cache-references                                              (100.00%)
S2       16        466,156,629      cache-misses                                                
S2       16              1,454      faults                                                        (100.00%)
S2       16                 55      migrations                                                  
S3       16    873,786,457,782      cycles                                                        (100.00%)
S3       16     81,296,508,118      instructions                                                  (100.00%)
S3       16      1,148,829,304      cache-references                                              (100.00%)
S3       16        589,481,614      cache-misses                                                
S3       16              2,474      faults                                                        (100.00%)
S3       16                427      migrations                                                  

      25.944800108 seconds time elapsed

Socket: 2,3  MEM: 3

 Performance counter stats for 'system wide':

S0       16      1,537,181,570      cycles                                                        (100.00%)
S0       16        920,172,390      instructions                                                  (100.00%)
S0       16         23,698,476      cache-references                                              (100.00%)
S0       16          1,890,468      cache-misses                                                
S0       16                713      faults                                                        (100.00%)
S0       16                 28      migrations                                                  
S1       16      1,518,576,090      cycles                                                        (100.00%)
S1       16      1,169,104,866      instructions                                                  (100.00%)
S1       16         18,365,822      cache-references                                              (100.00%)
S1       16            603,197      cache-misses                                                
S1       16                 43      faults                                                        (100.00%)
S1       16                  1      migrations                                                  
S2       16    757,985,156,632      cycles                                                        (100.00%)
S2       16     55,596,260,215      instructions                                                  (100.00%)
S2       16        951,170,232      cache-references                                              (100.00%)
S2       16        496,205,906      cache-misses                                                
S2       16              1,441      faults                                                        (100.00%)
S2       16                718      migrations                                                  
S3       16    821,367,315,399      cycles                                                        (100.00%)
S3       16     83,775,976,517      instructions                                                  (100.00%)
S3       16      1,203,521,899      cache-references                                              (100.00%)
S3       16        534,680,743      cache-misses                                                
S3       16              2,479      faults                                                        (100.00%)
S3       16                542      migrations                                                  

      24.208328897 seconds time elapsed

 Time Elapsed: 24
 Time Elapsed: 24
