Number of threads: 32
Job ID: 3980
Machine: penguin 
Socket: 0,1,2,3  MEM: 0

 Performance counter stats for 'numactl --cpunodebind=0,1,2,3 --membind=0 /home/jlenis/numa_benchmark/bin/stream.05GiB.10':

   420,505,654,776      cycles                                                      
    62,811,413,469      instructions              #    0.15  insns per cycle        
       534,108,257      cache-references                                            
       220,982,025      cache-misses              #   41.374 % of all cache refs    
             1,706      faults                                                      
                68      migrations                                                  

       6.584291065 seconds time elapsed

 Time Elapsed: 0
Socket: 0,1,2,3  MEM: 1

 Performance counter stats for 'numactl --cpunodebind=0,1,2,3 --membind=1 /home/jlenis/numa_benchmark/bin/stream.05GiB.10':

   426,904,049,095      cycles                                                      
    64,934,109,445      instructions              #    0.15  insns per cycle        
       533,871,728      cache-references                                            
       221,504,753      cache-misses              #   41.490 % of all cache refs    
             1,706      faults                                                      
                72      migrations                                                  

       6.515335286 seconds time elapsed

 Time Elapsed: -6
Socket: 0,1,2,3  MEM: 2

 Performance counter stats for 'numactl --cpunodebind=0,1,2,3 --membind=2 /home/jlenis/numa_benchmark/bin/stream.05GiB.10':

   412,340,430,795      cycles                                                      
    63,650,852,451      instructions              #    0.15  insns per cycle        
       530,051,338      cache-references                                            
       221,296,693      cache-misses              #   41.750 % of all cache refs    
             1,706      faults                                                      
                40      migrations                                                  

       6.233513593 seconds time elapsed

 Time Elapsed: -13
Socket: 0,1,2,3  MEM: 3

 Performance counter stats for 'numactl --cpunodebind=0,1,2,3 --membind=3 /home/jlenis/numa_benchmark/bin/stream.05GiB.10':

   422,498,341,959      cycles                                                      
    63,141,623,017      instructions              #    0.15  insns per cycle        
       533,671,558      cache-references                                            
       222,057,697      cache-misses              #   41.609 % of all cache refs    
             1,705      faults                                                      
                31      migrations                                                  

       6.462304936 seconds time elapsed

 Time Elapsed: -19
