Number of threads: 32
Job ID: 4795
Machine: penguin 
Socket: 0,1  MEM: 0

 Performance counter stats for 'numactl --cpunodebind=0,1 --membind=0 /home/jlenis/numa_benchmark/bin/stream.1GiB.10':

 1,077,736,877,204      cycles                                                      
   144,942,624,241      instructions              #    0.13  insns per cycle        
     1,029,131,464      cache-references                                            
       563,915,538      cache-misses              #   54.795 % of all cache refs    
             2,454      faults                                                      
                44      migrations                                                  

      19.713753922 seconds time elapsed

 Time Elapsed: 0
Socket: 0,1  MEM: 1

 Performance counter stats for 'numactl --cpunodebind=0,1 --membind=1 /home/jlenis/numa_benchmark/bin/stream.1GiB.10':

 1,047,283,339,638      cycles                                                      
   150,958,808,097      instructions              #    0.14  insns per cycle        
     1,019,055,901      cache-references                                            
       547,456,321      cache-misses              #   53.722 % of all cache refs    
             2,455      faults                                                      
               196      migrations                                                  

      19.293379003 seconds time elapsed

 Time Elapsed: -20
Socket: 0,1  MEM: 2

 Performance counter stats for 'numactl --cpunodebind=0,1 --membind=2 /home/jlenis/numa_benchmark/bin/stream.1GiB.10':

 1,611,589,484,818      cycles                                                      
    95,185,501,928      instructions              #    0.06  insns per cycle        
     1,043,035,038      cache-references                                            
       541,929,435      cache-misses              #   51.957 % of all cache refs    
             2,453      faults                                                      
               666      migrations                                                  

      24.117468802 seconds time elapsed

 Time Elapsed: -39
Socket: 0,1  MEM: 3

 Performance counter stats for 'numactl --cpunodebind=0,1 --membind=3 /home/jlenis/numa_benchmark/bin/stream.1GiB.10':

 1,683,309,957,613      cycles                                                      
    90,360,272,867      instructions              #    0.05  insns per cycle        
     1,046,742,497      cache-references                                            
       555,001,879      cache-misses              #   53.022 % of all cache refs    
             2,453      faults                                                      
                64      migrations                                                  

      24.585596948 seconds time elapsed

 Time Elapsed: -63
Socket: 0,2  MEM: 0

 Performance counter stats for 'numactl --cpunodebind=0,2 --membind=0 /home/jlenis/numa_benchmark/bin/stream.1GiB.10':

 1,208,866,284,998      cycles                                                      
   147,936,741,703      instructions              #    0.12  insns per cycle        
     1,037,077,957      cache-references                                            
       569,086,345      cache-misses              #   54.874 % of all cache refs    
             2,453      faults                                                      
                46      migrations                                                  

      23.820428120 seconds time elapsed

 Time Elapsed: -88
Socket: 0,2  MEM: 1

 Performance counter stats for 'numactl --cpunodebind=0,2 --membind=1 /home/jlenis/numa_benchmark/bin/stream.1GiB.10':

 1,532,908,648,076      cycles                                                      
   108,901,988,919      instructions              #    0.07  insns per cycle        
     1,044,367,251      cache-references                                            
       546,485,467      cache-misses              #   52.327 % of all cache refs    
             2,455      faults                                                      
               479      migrations                                                  

      23.003579824 seconds time elapsed

 Time Elapsed: -112
Socket: 0,2  MEM: 2

 Performance counter stats for 'numactl --cpunodebind=0,2 --membind=2 /home/jlenis/numa_benchmark/bin/stream.1GiB.10':

 1,193,714,348,993      cycles                                                      
   150,752,716,791      instructions              #    0.13  insns per cycle        
     1,026,802,664      cache-references                                            
       565,687,027      cache-misses              #   55.092 % of all cache refs    
             2,454      faults                                                      
                74      migrations                                                  

      23.335286344 seconds time elapsed

 Time Elapsed: -135
Socket: 0,2  MEM: 3

 Performance counter stats for 'numactl --cpunodebind=0,2 --membind=3 /home/jlenis/numa_benchmark/bin/stream.1GiB.10':

 1,528,722,463,589      cycles                                                      
   105,723,261,514      instructions              #    0.07  insns per cycle        
     1,042,006,555      cache-references                                            
       542,301,557      cache-misses              #   52.044 % of all cache refs    
             2,455      faults                                                      
               483      migrations                                                  

      23.068100859 seconds time elapsed

 Time Elapsed: -158
Socket: 0,3  MEM: 0

 Performance counter stats for 'numactl --cpunodebind=0,3 --membind=0 /home/jlenis/numa_benchmark/bin/stream.1GiB.10':

 1,054,838,805,082      cycles                                                      
   153,057,728,733      instructions              #    0.15  insns per cycle        
     1,019,171,689      cache-references                                            
       554,960,323      cache-misses              #   54.452 % of all cache refs    
             2,454      faults                                                      
               179      migrations                                                  

      19.121684882 seconds time elapsed

 Time Elapsed: -182
Socket: 0,3  MEM: 1

 Performance counter stats for 'numactl --cpunodebind=0,3 --membind=1 /home/jlenis/numa_benchmark/bin/stream.1GiB.10':

 1,752,919,741,490      cycles                                                      
   127,877,105,138      instructions              #    0.07  insns per cycle        
     1,047,692,155      cache-references                                            
       529,616,609      cache-misses              #   50.551 % of all cache refs    
             2,454      faults                                                      
             1,179      migrations                                                  

      27.028963600 seconds time elapsed

 Time Elapsed: -201
Socket: 0,3  MEM: 2

 Performance counter stats for 'numactl --cpunodebind=0,3 --membind=2 /home/jlenis/numa_benchmark/bin/stream.1GiB.10':

 1,736,352,462,428      cycles                                                      
   102,093,435,350      instructions              #    0.06  insns per cycle        
     1,057,655,031      cache-references                                            
       545,984,219      cache-misses              #   51.622 % of all cache refs    
             2,454      faults                                                      
               480      migrations                                                  

      25.742477424 seconds time elapsed

 Time Elapsed: -228
Socket: 0,3  MEM: 3

 Performance counter stats for 'numactl --cpunodebind=0,3 --membind=3 /home/jlenis/numa_benchmark/bin/stream.1GiB.10':

 1,052,449,832,057      cycles                                                      
   148,661,883,277      instructions              #    0.14  insns per cycle        
     1,019,305,025      cache-references                                            
       557,888,599      cache-misses              #   54.732 % of all cache refs    
             2,454      faults                                                      
               126      migrations                                                  

      19.159128714 seconds time elapsed

 Time Elapsed: -254
Socket: 1,2  MEM: 0

 Performance counter stats for 'numactl --cpunodebind=1,2 --membind=0 /home/jlenis/numa_benchmark/bin/stream.1GiB.10':

 1,786,726,188,182      cycles                                                      
   127,796,688,506      instructions              #    0.07  insns per cycle        
     1,054,388,465      cache-references                                            
       543,022,198      cache-misses              #   51.501 % of all cache refs    
             2,454      faults                                                      
               563      migrations                                                  

      27.151028343 seconds time elapsed

 Time Elapsed: -273
Socket: 1,2  MEM: 1

 Performance counter stats for 'numactl --cpunodebind=1,2 --membind=1 /home/jlenis/numa_benchmark/bin/stream.1GiB.10':

 1,037,740,028,147      cycles                                                      
   148,419,882,361      instructions              #    0.14  insns per cycle        
     1,026,654,570      cache-references                                            
       553,283,741      cache-misses              #   53.892 % of all cache refs    
             2,454      faults                                                      
               116      migrations                                                  

      18.789290032 seconds time elapsed

 Time Elapsed: -300
Socket: 1,2  MEM: 2

 Performance counter stats for 'numactl --cpunodebind=1,2 --membind=2 /home/jlenis/numa_benchmark/bin/stream.1GiB.10':

 1,048,926,026,892      cycles                                                      
   148,893,181,736      instructions              #    0.14  insns per cycle        
     1,016,557,123      cache-references                                            
       559,517,727      cache-misses              #   55.040 % of all cache refs    
             2,454      faults                                                      
                86      migrations                                                  

      19.335314268 seconds time elapsed

 Time Elapsed: -319
Socket: 1,2  MEM: 3

 Performance counter stats for 'numactl --cpunodebind=1,2 --membind=3 /home/jlenis/numa_benchmark/bin/stream.1GiB.10':

 1,737,755,578,377      cycles                                                      
    80,199,484,120      instructions              #    0.05  insns per cycle        
     1,051,330,553      cache-references                                            
       543,071,575      cache-misses              #   51.656 % of all cache refs    
             2,454      faults                                                      
                73      migrations                                                  

      25.291922102 seconds time elapsed

 Time Elapsed: -338
Socket: 1,3  MEM: 0

 Performance counter stats for 'numactl --cpunodebind=1,3 --membind=0 /home/jlenis/numa_benchmark/bin/stream.1GiB.10':

 1,570,762,493,118      cycles                                                      
   117,269,032,962      instructions              #    0.07  insns per cycle        
     1,044,382,743      cache-references                                            
       539,832,775      cache-misses              #   51.689 % of all cache refs    
             2,454      faults                                                      
               420      migrations                                                  

      23.743619196 seconds time elapsed

 Time Elapsed: -364
Socket: 1,3  MEM: 1

 Performance counter stats for 'numactl --cpunodebind=1,3 --membind=1 /home/jlenis/numa_benchmark/bin/stream.1GiB.10':

 1,174,815,850,168      cycles                                                      
   152,289,690,129      instructions              #    0.13  insns per cycle        
     1,036,704,180      cache-references                                            
       555,602,997      cache-misses              #   53.593 % of all cache refs    
             2,455      faults                                                      
               136      migrations                                                  

      22.984193931 seconds time elapsed

 Time Elapsed: -387
Socket: 1,3  MEM: 2

 Performance counter stats for 'numactl --cpunodebind=1,3 --membind=2 /home/jlenis/numa_benchmark/bin/stream.1GiB.10':

 1,550,648,349,742      cycles                                                      
   115,182,992,015      instructions              #    0.07  insns per cycle        
     1,045,664,348      cache-references                                            
       548,216,867      cache-misses              #   52.428 % of all cache refs    
             2,455      faults                                                      
               401      migrations                                                  

      23.147712742 seconds time elapsed

 Time Elapsed: -410
Socket: 1,3  MEM: 3

 Performance counter stats for 'numactl --cpunodebind=1,3 --membind=3 /home/jlenis/numa_benchmark/bin/stream.1GiB.10':

 1,095,515,338,814      cycles                                                      
   165,807,574,419      instructions              #    0.15  insns per cycle        
     1,026,252,825      cache-references                                            
       546,444,626      cache-misses              #   53.247 % of all cache refs    
             2,454      faults                                                      
               383      migrations                                                  

      21.516463121 seconds time elapsed

 Time Elapsed: -434
Socket: 2,3  MEM: 0

 Performance counter stats for 'numactl --cpunodebind=2,3 --membind=0 /home/jlenis/numa_benchmark/bin/stream.1GiB.10':

 1,625,333,734,720      cycles                                                      
    98,942,484,773      instructions              #    0.06  insns per cycle        
     1,048,566,095      cache-references                                            
       542,832,453      cache-misses              #   51.769 % of all cache refs    
             2,454      faults                                                      
               663      migrations                                                  

      24.249476060 seconds time elapsed

 Time Elapsed: -455
Socket: 2,3  MEM: 1

 Performance counter stats for 'numactl --cpunodebind=2,3 --membind=1 /home/jlenis/numa_benchmark/bin/stream.1GiB.10':

 1,714,080,256,067      cycles                                                      
    94,806,129,103      instructions              #    0.06  insns per cycle        
     1,047,611,543      cache-references                                            
       556,544,951      cache-misses              #   53.125 % of all cache refs    
             2,454      faults                                                      
                65      migrations                                                  

      24.916636829 seconds time elapsed

 Time Elapsed: -480
Socket: 2,3  MEM: 2

 Performance counter stats for 'numactl --cpunodebind=2,3 --membind=2 /home/jlenis/numa_benchmark/bin/stream.1GiB.10':

 1,089,533,875,258      cycles                                                      
   146,015,302,955      instructions              #    0.13  insns per cycle        
     1,028,254,772      cache-references                                            
       563,711,305      cache-misses              #   54.822 % of all cache refs    
             2,454      faults                                                      
                42      migrations                                                  

      19.773729195 seconds time elapsed

 Time Elapsed: -505
Socket: 2,3  MEM: 3

 Performance counter stats for 'numactl --cpunodebind=2,3 --membind=3 /home/jlenis/numa_benchmark/bin/stream.1GiB.10':

 1,048,245,452,286      cycles                                                      
   147,054,260,784      instructions              #    0.14  insns per cycle        
     1,020,354,068      cache-references                                            
       561,043,356      cache-misses              #   54.985 % of all cache refs    
             2,455      faults                                                      
                83      migrations                                                  

      18.893065495 seconds time elapsed

 Time Elapsed: -524
