Number of threads: 32
Job ID: 3992
Machine: penguin 
Socket: 0,1,2,3  MEM: 0

 Performance counter stats for 'numactl --cpunodebind=0,1,2,3 --membind=0 /home/jlenis/numa_benchmark/bin/stream.5GiB.10':

 2,741,920,701,388      cycles                                                      
   286,155,632,722      instructions              #    0.10  insns per cycle        
     4,246,460,644      cache-references                                            
     1,850,019,068      cache-misses              #   43.566 % of all cache refs    
             6,957      faults                                                      
               222      migrations                                                  

      50.643267264 seconds time elapsed

 Time Elapsed: 0
Socket: 0,1,2,3  MEM: 1

 Performance counter stats for 'numactl --cpunodebind=0,1,2,3 --membind=1 /home/jlenis/numa_benchmark/bin/stream.5GiB.10':

 2,811,695,502,382      cycles                                                      
   287,265,355,137      instructions              #    0.10  insns per cycle        
     4,263,596,805      cache-references                                            
     1,825,923,105      cache-misses              #   42.826 % of all cache refs    
             6,957      faults                                                      
               322      migrations                                                  

      52.232833302 seconds time elapsed

 Time Elapsed: -51
Socket: 0,1,2,3  MEM: 2

 Performance counter stats for 'numactl --cpunodebind=0,1,2,3 --membind=2 /home/jlenis/numa_benchmark/bin/stream.5GiB.10':

 2,851,280,320,172      cycles                                                      
   288,432,468,723      instructions              #    0.10  insns per cycle        
     4,257,782,391      cache-references                                            
     1,839,751,514      cache-misses              #   43.209 % of all cache refs    
             6,956      faults                                                      
               162      migrations                                                  

      53.161343519 seconds time elapsed

 Time Elapsed: -103
Socket: 0,1,2,3  MEM: 3

 Performance counter stats for 'numactl --cpunodebind=0,1,2,3 --membind=3 /home/jlenis/numa_benchmark/bin/stream.5GiB.10':

 2,954,247,041,116      cycles                                                      
   279,991,420,589      instructions              #    0.09  insns per cycle        
     4,258,575,173      cache-references                                            
     1,787,522,270      cache-misses              #   41.975 % of all cache refs    
             6,957      faults                                                      
               240      migrations                                                  

      54.163744847 seconds time elapsed

 Time Elapsed: -157
