Number of threads: 16
Job ID: 3971
Machine: penguin 
 Time Elapsed: 
 Time Elapsed: 
 Time Elapsed: 
 Time Elapsed: 
Socket: 0,1  MEM: 1

 Performance counter stats for 'numactl --cpunodebind=0,1 --interleave=0,1 /home/jlenis/numa_benchmark/bin/stream.2GiB.10':

   615,633,396,229      cycles                                                      
    88,409,553,961      instructions              #    0.14  insns per cycle        
     2,249,162,872      cache-references                                            
       760,365,454      cache-misses              #   33.807 % of all cache refs    
             3,920      faults                                                      
                21      migrations                                                  

      18.496475036 seconds time elapsed

Socket: 0,1  MEM: 2

 Performance counter stats for 'numactl --cpunodebind=0,1 --interleave=0,2 /home/jlenis/numa_benchmark/bin/stream.2GiB.10':

   823,528,896,946      cycles                                                      
    98,961,627,993      instructions              #    0.12  insns per cycle        
     2,177,115,631      cache-references                                            
       827,999,489      cache-misses              #   38.032 % of all cache refs    
             3,920      faults                                                      
                16      migrations                                                  

      24.412204005 seconds time elapsed

Socket: 0,1  MEM: 3

 Performance counter stats for 'numactl --cpunodebind=0,1 --interleave=0,3 /home/jlenis/numa_benchmark/bin/stream.2GiB.10':

   834,662,078,421      cycles                                                      
   108,104,058,192      instructions              #    0.13  insns per cycle        
     2,186,895,578      cache-references                                            
       829,593,785      cache-misses              #   37.935 % of all cache refs    
             3,920      faults                                                      
                18      migrations                                                  

      25.200504354 seconds time elapsed

 Time Elapsed: 26
 Time Elapsed: 26
 Time Elapsed: 26
 Time Elapsed: 26
Socket: 0,2  MEM: 1

 Performance counter stats for 'numactl --cpunodebind=0,2 --interleave=0,1 /home/jlenis/numa_benchmark/bin/stream.2GiB.10':

   791,550,453,568      cycles                                                      
    98,909,956,213      instructions              #    0.12  insns per cycle        
     2,169,834,930      cache-references                                            
       820,778,791      cache-misses              #   37.827 % of all cache refs    
             3,921      faults                                                      
                25      migrations                                                  

      24.062311569 seconds time elapsed

Socket: 0,2  MEM: 2

 Performance counter stats for 'numactl --cpunodebind=0,2 --interleave=0,2 /home/jlenis/numa_benchmark/bin/stream.2GiB.10':

   772,293,045,803      cycles                                                      
    88,064,984,657      instructions              #    0.11  insns per cycle        
     2,225,760,257      cache-references                                            
       774,808,278      cache-misses              #   34.811 % of all cache refs    
             3,921      faults                                                      
                15      migrations                                                  

      22.724008389 seconds time elapsed

Socket: 0,2  MEM: 3

 Performance counter stats for 'numactl --cpunodebind=0,2 --interleave=0,3 /home/jlenis/numa_benchmark/bin/stream.2GiB.10':

   794,697,805,668      cycles                                                      
    96,081,950,913      instructions              #    0.12  insns per cycle        
     2,164,909,173      cache-references                                            
       814,515,162      cache-misses              #   37.624 % of all cache refs    
             3,920      faults                                                      
                18      migrations                                                  

      23.816738508 seconds time elapsed

 Time Elapsed: 24
Socket: 1,2  MEM: 1

 Performance counter stats for 'numactl --cpunodebind=1,2 --interleave=0,1 /home/jlenis/numa_benchmark/bin/stream.2GiB.10':

   886,717,326,857      cycles                                                      
    94,614,513,944      instructions              #    0.11  insns per cycle        
     2,191,869,798      cache-references                                            
       817,184,705      cache-misses              #   37.283 % of all cache refs    
             3,920      faults                                                      
                31      migrations                                                  

      26.558548198 seconds time elapsed

Socket: 1,2  MEM: 2

 Performance counter stats for 'numactl --cpunodebind=1,2 --interleave=0,2 /home/jlenis/numa_benchmark/bin/stream.2GiB.10':

   891,633,144,912      cycles                                                      
    93,232,168,468      instructions              #    0.10  insns per cycle        
     2,180,922,749      cache-references                                            
       818,177,847      cache-misses              #   37.515 % of all cache refs    
             3,920      faults                                                      
                15      migrations                                                  

      26.002879401 seconds time elapsed

Socket: 1,2  MEM: 3

 Performance counter stats for 'numactl --cpunodebind=1,2 --interleave=0,3 /home/jlenis/numa_benchmark/bin/stream.2GiB.10':

   938,230,070,564      cycles                                                      
    89,566,234,658      instructions              #    0.10  insns per cycle        
     2,115,901,330      cache-references                                            
       874,290,608      cache-misses              #   41.320 % of all cache refs    
             3,920      faults                                                      
                21      migrations                                                  

      27.700624165 seconds time elapsed

 Time Elapsed: 28
 Time Elapsed: 28
 Time Elapsed: 28
Socket: 0,3  MEM: 1

 Performance counter stats for 'numactl --cpunodebind=0,3 --interleave=0,1 /home/jlenis/numa_benchmark/bin/stream.2GiB.10':

   913,337,726,733      cycles                                                      
   101,270,405,685      instructions              #    0.11  insns per cycle        
     2,187,610,706      cache-references                                            
       823,196,763      cache-misses              #   37.630 % of all cache refs    
             3,920      faults                                                      
                48      migrations                                                  

      27.374440561 seconds time elapsed

Socket: 0,3  MEM: 2

 Performance counter stats for 'numactl --cpunodebind=0,3 --interleave=0,2 /home/jlenis/numa_benchmark/bin/stream.2GiB.10':

   901,662,302,758      cycles                                                      
    96,299,996,152      instructions              #    0.11  insns per cycle        
     2,179,302,661      cache-references                                            
       821,719,037      cache-misses              #   37.706 % of all cache refs    
             3,920      faults                                                      
                19      migrations                                                  

      26.598079913 seconds time elapsed

Socket: 0,3  MEM: 3

 Performance counter stats for 'numactl --cpunodebind=0,3 --interleave=0,3 /home/jlenis/numa_benchmark/bin/stream.2GiB.10':

   614,595,236,614      cycles                                                      
    87,045,176,594      instructions              #    0.14  insns per cycle        
     2,250,125,483      cache-references                                            
       768,070,335      cache-misses              #   34.135 % of all cache refs    
             3,920      faults                                                      
                46      migrations                                                  

      18.286577659 seconds time elapsed

 Time Elapsed: 18
Socket: 1,3  MEM: 1

 Performance counter stats for 'numactl --cpunodebind=1,3 --interleave=0,1 /home/jlenis/numa_benchmark/bin/stream.2GiB.10':

   812,400,664,306      cycles                                                      
   102,300,893,385      instructions              #    0.13  insns per cycle        
     2,172,652,191      cache-references                                            
       805,882,215      cache-misses              #   37.092 % of all cache refs    
             3,920      faults                                                      
                42      migrations                                                  

      24.336345617 seconds time elapsed

Socket: 1,3  MEM: 2

 Performance counter stats for 'numactl --cpunodebind=1,3 --interleave=0,2 /home/jlenis/numa_benchmark/bin/stream.2GiB.10':

   817,833,341,691      cycles                                                      
    90,754,818,572      instructions              #    0.11  insns per cycle        
     2,104,566,770      cache-references                                            
       865,435,425      cache-misses              #   41.122 % of all cache refs    
             3,920      faults                                                      
                16      migrations                                                  

      24.441392431 seconds time elapsed

Socket: 1,3  MEM: 3

 Performance counter stats for 'numactl --cpunodebind=1,3 --interleave=0,3 /home/jlenis/numa_benchmark/bin/stream.2GiB.10':

   796,696,497,170      cycles                                                      
    97,318,223,848      instructions              #    0.12  insns per cycle        
     2,162,254,615      cache-references                                            
       808,003,126      cache-misses              #   37.369 % of all cache refs    
             3,920      faults                                                      
                15      migrations                                                  

      23.598123710 seconds time elapsed

 Time Elapsed: 24
Socket: 2,3  MEM: 1

 Performance counter stats for 'numactl --cpunodebind=2,3 --interleave=0,1 /home/jlenis/numa_benchmark/bin/stream.2GiB.10':

   901,483,122,839      cycles                                                      
    89,357,976,042      instructions              #    0.10  insns per cycle        
     2,122,793,254      cache-references                                            
       878,012,679      cache-misses              #   41.361 % of all cache refs    
             3,920      faults                                                      
                19      migrations                                                  

      26.757742481 seconds time elapsed

Socket: 2,3  MEM: 2

 Performance counter stats for 'numactl --cpunodebind=2,3 --interleave=0,2 /home/jlenis/numa_benchmark/bin/stream.2GiB.10':

   833,238,002,040      cycles                                                      
    98,721,674,903      instructions              #    0.12  insns per cycle        
     2,177,003,292      cache-references                                            
       831,313,627      cache-misses              #   38.186 % of all cache refs    
             3,920      faults                                                      
                15      migrations                                                  

      24.380929086 seconds time elapsed

Socket: 2,3  MEM: 3

 Performance counter stats for 'numactl --cpunodebind=2,3 --interleave=0,3 /home/jlenis/numa_benchmark/bin/stream.2GiB.10':

   851,426,056,061      cycles                                                      
   109,471,267,198      instructions              #    0.13  insns per cycle        
     2,189,326,760      cache-references                                            
       824,016,537      cache-misses              #   37.638 % of all cache refs    
             3,920      faults                                                      
                16      migrations                                                  

      25.241889334 seconds time elapsed

 Time Elapsed: 25
 Time Elapsed: 25
