sbatch 8_multisocket_penguin.sh 05 amb 
sbatch 8_multisocket_penguin.sh 05 sense 
sbatch 8_multisocket_penguin.sh 1 amb 
sbatch 8_multisocket_penguin.sh 1 sense 
sbatch 8_multisocket_penguin.sh 2 amb 
sbatch 8_multisocket_penguin.sh 2 sense 
sbatch 8_multisocket_penguin.sh 5 amb 
sbatch 8_multisocket_penguin.sh 5 sense 
sbatch 16_multisocket_interleave_penguin.sh 05 amb 
sbatch 16_multisocket_membind_penguin.sh 05 amb 
sbatch 16_multisocket_interleave_penguin.sh 05 sense 
sbatch 16_multisocket_membind_penguin.sh 05 sense 
sbatch 16_multisocket_interleave_penguin.sh 1 amb 
sbatch 16_multisocket_membind_penguin.sh 1 amb 
sbatch 16_multisocket_interleave_penguin.sh 1 sense 
sbatch 16_multisocket_membind_penguin.sh 1 sense 
sbatch 16_multisocket_interleave_penguin.sh 2 amb 
sbatch 16_multisocket_membind_penguin.sh 2 amb 
sbatch 16_multisocket_interleave_penguin.sh 2 sense 
sbatch 16_multisocket_membind_penguin.sh 2 sense 
sbatch 16_multisocket_interleave_penguin.sh 5 amb 
sbatch 16_multisocket_membind_penguin.sh 5 amb 
sbatch 16_multisocket_interleave_penguin.sh 5 sense 
sbatch 16_multisocket_membind_penguin.sh 5 sense 
sbatch 32_multisocket_interleave_penguin.sh 05 amb 
sbatch 32_multisocket_membind_penguin.sh 05 amb 
Submitted batch job 3910
sbatch 32_multisocket_interleave_penguin.sh 05 sense 
sbatch 32_multisocket_membind_penguin.sh 05 sense 
Submitted batch job 3911
sbatch 32_multisocket_interleave_penguin.sh 1 amb 
sbatch 32_multisocket_membind_penguin.sh 1 amb 
Submitted batch job 3912
sbatch 32_multisocket_interleave_penguin.sh 1 sense 
sbatch 32_multisocket_membind_penguin.sh 1 sense 
Submitted batch job 3913
sbatch 32_multisocket_interleave_penguin.sh 2 amb 
sbatch 32_multisocket_membind_penguin.sh 2 amb 
Submitted batch job 3914
sbatch 32_multisocket_interleave_penguin.sh 2 sense 
sbatch 32_multisocket_membind_penguin.sh 2 sense 
Submitted batch job 3915
sbatch 32_multisocket_interleave_penguin.sh 5 amb 
sbatch 32_multisocket_membind_penguin.sh 5 amb 
Submitted batch job 3916
sbatch 32_multisocket_interleave_penguin.sh 5 sense 
sbatch 32_multisocket_membind_penguin.sh 5 sense 
Submitted batch job 3917
