Number of threads: 
Job ID: 2463
Machine: batman 

/home/jlenis/numa_benchmark/bin/others/pChase/scripts/test-memory.sh: line 11: date: command not found
/home/jlenis/numa_benchmark/bin/others/pChase/scripts/test-memory.sh: line 14: mkdir: command not found
/home/jlenis/numa_benchmark/bin/others/pChase/scripts/test-memory.sh: line 15: cd: chase-: No such file or directory
/home/jlenis/numa_benchmark/bin/others/pChase/scripts/test-memory.sh: line 18: uname: command not found
/home/jlenis/numa_benchmark/bin/others/pChase/scripts/test-memory.sh: line 19: cat: command not found
/home/jlenis/numa_benchmark/bin/others/pChase/scripts/test-memory.sh: line 20: cat: command not found
/home/jlenis/numa_benchmark/bin/others/pChase/scripts/test-memory.sh: line 27: date: command not found
Benchmark initiated at
/home/jlenis/numa_benchmark/bin/others/pChase/scripts/test-memory.sh: line 29: chase: command not found
/home/jlenis/numa_benchmark/bin/others/pChase/scripts/test-memory.sh: line 38: chase: command not found
/home/jlenis/numa_benchmark/bin/others/pChase/scripts/test-memory.sh: line 38: chase: command not found
/home/jlenis/numa_benchmark/bin/others/pChase/scripts/test-memory.sh: line 38: chase: command not found
/home/jlenis/numa_benchmark/bin/others/pChase/scripts/test-memory.sh: line 38: chase: command not found
/home/jlenis/numa_benchmark/bin/others/pChase/scripts/test-memory.sh: line 38: chase: command not found
/home/jlenis/numa_benchmark/bin/others/pChase/scripts/test-memory.sh: line 38: chase: command not found
/home/jlenis/numa_benchmark/bin/others/pChase/scripts/test-memory.sh: line 38: chase: command not found
/home/jlenis/numa_benchmark/bin/others/pChase/scripts/test-memory.sh: line 38: chase: command not found
/home/jlenis/numa_benchmark/bin/others/pChase/scripts/test-memory.sh: line 38: chase: command not found
/home/jlenis/numa_benchmark/bin/others/pChase/scripts/test-memory.sh: line 38: chase: command not found
/home/jlenis/numa_benchmark/bin/others/pChase/scripts/test-memory.sh: line 38: chase: command not found
/home/jlenis/numa_benchmark/bin/others/pChase/scripts/test-memory.sh: line 38: chase: command not found
/home/jlenis/numa_benchmark/bin/others/pChase/scripts/test-memory.sh: line 38: chase: command not found
/home/jlenis/numa_benchmark/bin/others/pChase/scripts/test-memory.sh: line 38: chase: command not found
/home/jlenis/numa_benchmark/bin/others/pChase/scripts/test-memory.sh: line 38: chase: command not found
/home/jlenis/numa_benchmark/bin/others/pChase/scripts/test-memory.sh: line 38: chase: command not found
/home/jlenis/numa_benchmark/bin/others/pChase/scripts/test-memory.sh: line 38: chase: command not found
/home/jlenis/numa_benchmark/bin/others/pChase/scripts/test-memory.sh: line 38: chase: command not found
/home/jlenis/numa_benchmark/bin/others/pChase/scripts/test-memory.sh: line 38: chase: command not found
/home/jlenis/numa_benchmark/bin/others/pChase/scripts/test-memory.sh: line 38: chase: command not found
/home/jlenis/numa_benchmark/bin/others/pChase/scripts/test-memory.sh: line 38: chase: command not found
/home/jlenis/numa_benchmark/bin/others/pChase/scripts/test-memory.sh: line 38: chase: command not found
/home/jlenis/numa_benchmark/bin/others/pChase/scripts/test-memory.sh: line 38: chase: command not found
/home/jlenis/numa_benchmark/bin/others/pChase/scripts/test-memory.sh: line 38: chase: command not found
/home/jlenis/numa_benchmark/bin/others/pChase/scripts/test-memory.sh: line 38: chase: command not found
/home/jlenis/numa_benchmark/bin/others/pChase/scripts/test-memory.sh: line 38: chase: command not found
/home/jlenis/numa_benchmark/bin/others/pChase/scripts/test-memory.sh: line 38: chase: command not found
/home/jlenis/numa_benchmark/bin/others/pChase/scripts/test-memory.sh: line 38: chase: command not found
/home/jlenis/numa_benchmark/bin/others/pChase/scripts/test-memory.sh: line 38: chase: command not found
/home/jlenis/numa_benchmark/bin/others/pChase/scripts/test-memory.sh: line 38: chase: command not found
/home/jlenis/numa_benchmark/bin/others/pChase/scripts/test-memory.sh: line 38: chase: command not found
/home/jlenis/numa_benchmark/bin/others/pChase/scripts/test-memory.sh: line 38: chase: command not found
/home/jlenis/numa_benchmark/bin/others/pChase/scripts/test-memory.sh: line 38: chase: command not found
/home/jlenis/numa_benchmark/bin/others/pChase/scripts/test-memory.sh: line 38: chase: command not found
/home/jlenis/numa_benchmark/bin/others/pChase/scripts/test-memory.sh: line 38: chase: command not found
/home/jlenis/numa_benchmark/bin/others/pChase/scripts/test-memory.sh: line 38: chase: command not found
/home/jlenis/numa_benchmark/bin/others/pChase/scripts/test-memory.sh: line 38: chase: command not found
/home/jlenis/numa_benchmark/bin/others/pChase/scripts/test-memory.sh: line 38: chase: command not found
/home/jlenis/numa_benchmark/bin/others/pChase/scripts/test-memory.sh: line 38: chase: command not found
/home/jlenis/numa_benchmark/bin/others/pChase/scripts/test-memory.sh: line 38: chase: command not found
/home/jlenis/numa_benchmark/bin/others/pChase/scripts/test-memory.sh: line 38: chase: command not found
/home/jlenis/numa_benchmark/bin/others/pChase/scripts/test-memory.sh: line 38: chase: command not found
/home/jlenis/numa_benchmark/bin/others/pChase/scripts/test-memory.sh: line 38: chase: command not found
/home/jlenis/numa_benchmark/bin/others/pChase/scripts/test-memory.sh: line 38: chase: command not found
/home/jlenis/numa_benchmark/bin/others/pChase/scripts/test-memory.sh: line 38: chase: command not found
/home/jlenis/numa_benchmark/bin/others/pChase/scripts/test-memory.sh: line 38: chase: command not found
/home/jlenis/numa_benchmark/bin/others/pChase/scripts/test-memory.sh: line 38: chase: command not found
/home/jlenis/numa_benchmark/bin/others/pChase/scripts/test-memory.sh: line 38: chase: command not found
/home/jlenis/numa_benchmark/bin/others/pChase/scripts/test-memory.sh: line 38: chase: command not found
/home/jlenis/numa_benchmark/bin/others/pChase/scripts/test-memory.sh: line 38: chase: command not found
/home/jlenis/numa_benchmark/bin/others/pChase/scripts/test-memory.sh: line 38: chase: command not found
/home/jlenis/numa_benchmark/bin/others/pChase/scripts/test-memory.sh: line 38: chase: command not found
/home/jlenis/numa_benchmark/bin/others/pChase/scripts/test-memory.sh: line 38: chase: command not found
/home/jlenis/numa_benchmark/bin/others/pChase/scripts/test-memory.sh: line 38: chase: command not found
/home/jlenis/numa_benchmark/bin/others/pChase/scripts/test-memory.sh: line 38: chase: command not found
/home/jlenis/numa_benchmark/bin/others/pChase/scripts/test-memory.sh: line 38: chase: command not found
/home/jlenis/numa_benchmark/bin/others/pChase/scripts/test-memory.sh: line 38: chase: command not found
/home/jlenis/numa_benchmark/bin/others/pChase/scripts/test-memory.sh: line 38: chase: command not found
/home/jlenis/numa_benchmark/bin/others/pChase/scripts/test-memory.sh: line 38: chase: command not found
/home/jlenis/numa_benchmark/bin/others/pChase/scripts/test-memory.sh: line 38: chase: command not found
/home/jlenis/numa_benchmark/bin/others/pChase/scripts/test-memory.sh: line 38: chase: command not found
/home/jlenis/numa_benchmark/bin/others/pChase/scripts/test-memory.sh: line 38: chase: command not found
/home/jlenis/numa_benchmark/bin/others/pChase/scripts/test-memory.sh: line 38: chase: command not found
/home/jlenis/numa_benchmark/bin/others/pChase/scripts/test-memory.sh: line 38: chase: command not found
/home/jlenis/numa_benchmark/bin/others/pChase/scripts/test-memory.sh: line 38: chase: command not found
/home/jlenis/numa_benchmark/bin/others/pChase/scripts/test-memory.sh: line 38: chase: command not found
/home/jlenis/numa_benchmark/bin/others/pChase/scripts/test-memory.sh: line 38: chase: command not found
/home/jlenis/numa_benchmark/bin/others/pChase/scripts/test-memory.sh: line 38: chase: command not found
/home/jlenis/numa_benchmark/bin/others/pChase/scripts/test-memory.sh: line 38: chase: command not found
/home/jlenis/numa_benchmark/bin/others/pChase/scripts/test-memory.sh: line 38: chase: command not found
/home/jlenis/numa_benchmark/bin/others/pChase/scripts/test-memory.sh: line 38: chase: command not found
/home/jlenis/numa_benchmark/bin/others/pChase/scripts/test-memory.sh: line 38: chase: command not found
/home/jlenis/numa_benchmark/bin/others/pChase/scripts/test-memory.sh: line 38: chase: command not found
/home/jlenis/numa_benchmark/bin/others/pChase/scripts/test-memory.sh: line 38: chase: command not found
/home/jlenis/numa_benchmark/bin/others/pChase/scripts/test-memory.sh: line 38: chase: command not found
/home/jlenis/numa_benchmark/bin/others/pChase/scripts/test-memory.sh: line 38: chase: command not found
/home/jlenis/numa_benchmark/bin/others/pChase/scripts/test-memory.sh: line 38: chase: command not found
/home/jlenis/numa_benchmark/bin/others/pChase/scripts/test-memory.sh: line 38: chase: command not found
/home/jlenis/numa_benchmark/bin/others/pChase/scripts/test-memory.sh: line 38: chase: command not found
/home/jlenis/numa_benchmark/bin/others/pChase/scripts/test-memory.sh: line 38: chase: command not found
/home/jlenis/numa_benchmark/bin/others/pChase/scripts/test-memory.sh: line 38: chase: command not found
/home/jlenis/numa_benchmark/bin/others/pChase/scripts/test-memory.sh: line 38: chase: command not found
/home/jlenis/numa_benchmark/bin/others/pChase/scripts/test-memory.sh: line 38: chase: command not found
/home/jlenis/numa_benchmark/bin/others/pChase/scripts/test-memory.sh: line 38: chase: command not found
/home/jlenis/numa_benchmark/bin/others/pChase/scripts/test-memory.sh: line 38: chase: command not found
/home/jlenis/numa_benchmark/bin/others/pChase/scripts/test-memory.sh: line 38: chase: command not found
/home/jlenis/numa_benchmark/bin/others/pChase/scripts/test-memory.sh: line 38: chase: command not found
/home/jlenis/numa_benchmark/bin/others/pChase/scripts/test-memory.sh: line 38: chase: command not found
/home/jlenis/numa_benchmark/bin/others/pChase/scripts/test-memory.sh: line 38: chase: command not found
/home/jlenis/numa_benchmark/bin/others/pChase/scripts/test-memory.sh: line 38: chase: command not found
/home/jlenis/numa_benchmark/bin/others/pChase/scripts/test-memory.sh: line 38: chase: command not found
/home/jlenis/numa_benchmark/bin/others/pChase/scripts/test-memory.sh: line 38: chase: command not found
/home/jlenis/numa_benchmark/bin/others/pChase/scripts/test-memory.sh: line 38: chase: command not found
/home/jlenis/numa_benchmark/bin/others/pChase/scripts/test-memory.sh: line 38: chase: command not found
/home/jlenis/numa_benchmark/bin/others/pChase/scripts/test-memory.sh: line 38: chase: command not found
/home/jlenis/numa_benchmark/bin/others/pChase/scripts/test-memory.sh: line 38: chase: command not found
/home/jlenis/numa_benchmark/bin/others/pChase/scripts/test-memory.sh: line 38: chase: command not found
/home/jlenis/numa_benchmark/bin/others/pChase/scripts/test-memory.sh: line 38: chase: command not found
/home/jlenis/numa_benchmark/bin/others/pChase/scripts/test-memory.sh: line 38: chase: command not found
/home/jlenis/numa_benchmark/bin/others/pChase/scripts/test-memory.sh: line 38: chase: command not found
/home/jlenis/numa_benchmark/bin/others/pChase/scripts/test-memory.sh: line 38: chase: command not found
/home/jlenis/numa_benchmark/bin/others/pChase/scripts/test-memory.sh: line 38: chase: command not found
/home/jlenis/numa_benchmark/bin/others/pChase/scripts/test-memory.sh: line 38: chase: command not found
/home/jlenis/numa_benchmark/bin/others/pChase/scripts/test-memory.sh: line 38: chase: command not found
/home/jlenis/numa_benchmark/bin/others/pChase/scripts/test-memory.sh: line 38: chase: command not found
/home/jlenis/numa_benchmark/bin/others/pChase/scripts/test-memory.sh: line 38: chase: command not found
/home/jlenis/numa_benchmark/bin/others/pChase/scripts/test-memory.sh: line 38: chase: command not found
/home/jlenis/numa_benchmark/bin/others/pChase/scripts/test-memory.sh: line 38: chase: command not found
/home/jlenis/numa_benchmark/bin/others/pChase/scripts/test-memory.sh: line 38: chase: command not found
/home/jlenis/numa_benchmark/bin/others/pChase/scripts/test-memory.sh: line 38: chase: command not found
/home/jlenis/numa_benchmark/bin/others/pChase/scripts/test-memory.sh: line 38: chase: command not found
/home/jlenis/numa_benchmark/bin/others/pChase/scripts/test-memory.sh: line 38: chase: command not found
/home/jlenis/numa_benchmark/bin/others/pChase/scripts/test-memory.sh: line 38: chase: command not found
/home/jlenis/numa_benchmark/bin/others/pChase/scripts/test-memory.sh: line 38: chase: command not found
/home/jlenis/numa_benchmark/bin/others/pChase/scripts/test-memory.sh: line 38: chase: command not found
/home/jlenis/numa_benchmark/bin/others/pChase/scripts/test-memory.sh: line 38: chase: command not found
/home/jlenis/numa_benchmark/bin/others/pChase/scripts/test-memory.sh: line 38: chase: command not found
/home/jlenis/numa_benchmark/bin/others/pChase/scripts/test-memory.sh: line 38: chase: command not found
/home/jlenis/numa_benchmark/bin/others/pChase/scripts/test-memory.sh: line 38: chase: command not found
/home/jlenis/numa_benchmark/bin/others/pChase/scripts/test-memory.sh: line 38: chase: command not found
/home/jlenis/numa_benchmark/bin/others/pChase/scripts/test-memory.sh: line 38: chase: command not found
/home/jlenis/numa_benchmark/bin/others/pChase/scripts/test-memory.sh: line 38: chase: command not found
/home/jlenis/numa_benchmark/bin/others/pChase/scripts/test-memory.sh: line 38: chase: command not found
/home/jlenis/numa_benchmark/bin/others/pChase/scripts/test-memory.sh: line 38: chase: command not found
/home/jlenis/numa_benchmark/bin/others/pChase/scripts/test-memory.sh: line 38: chase: command not found
/home/jlenis/numa_benchmark/bin/others/pChase/scripts/test-memory.sh: line 38: chase: command not found
/home/jlenis/numa_benchmark/bin/others/pChase/scripts/test-memory.sh: line 38: chase: command not found
/home/jlenis/numa_benchmark/bin/others/pChase/scripts/test-memory.sh: line 38: chase: command not found
/home/jlenis/numa_benchmark/bin/others/pChase/scripts/test-memory.sh: line 38: chase: command not found
/home/jlenis/numa_benchmark/bin/others/pChase/scripts/test-memory.sh: line 38: chase: command not found
/home/jlenis/numa_benchmark/bin/others/pChase/scripts/test-memory.sh: line 38: chase: command not found
/home/jlenis/numa_benchmark/bin/others/pChase/scripts/test-memory.sh: line 38: chase: command not found
/home/jlenis/numa_benchmark/bin/others/pChase/scripts/test-memory.sh: line 38: chase: command not found
/home/jlenis/numa_benchmark/bin/others/pChase/scripts/test-memory.sh: line 38: chase: command not found
/home/jlenis/numa_benchmark/bin/others/pChase/scripts/test-memory.sh: line 38: chase: command not found
/home/jlenis/numa_benchmark/bin/others/pChase/scripts/test-memory.sh: line 38: chase: command not found
/home/jlenis/numa_benchmark/bin/others/pChase/scripts/test-memory.sh: line 38: chase: command not found
/home/jlenis/numa_benchmark/bin/others/pChase/scripts/test-memory.sh: line 38: chase: command not found
/home/jlenis/numa_benchmark/bin/others/pChase/scripts/test-memory.sh: line 38: chase: command not found
/home/jlenis/numa_benchmark/bin/others/pChase/scripts/test-memory.sh: line 38: chase: command not found
/home/jlenis/numa_benchmark/bin/others/pChase/scripts/test-memory.sh: line 38: chase: command not found
/home/jlenis/numa_benchmark/bin/others/pChase/scripts/test-memory.sh: line 38: chase: command not found
/home/jlenis/numa_benchmark/bin/others/pChase/scripts/test-memory.sh: line 38: chase: command not found
/home/jlenis/numa_benchmark/bin/others/pChase/scripts/test-memory.sh: line 38: chase: command not found
/home/jlenis/numa_benchmark/bin/others/pChase/scripts/test-memory.sh: line 38: chase: command not found
/home/jlenis/numa_benchmark/bin/others/pChase/scripts/test-memory.sh: line 38: chase: command not found
/home/jlenis/numa_benchmark/bin/others/pChase/scripts/test-memory.sh: line 38: chase: command not found
/home/jlenis/numa_benchmark/bin/others/pChase/scripts/test-memory.sh: line 38: chase: command not found
/home/jlenis/numa_benchmark/bin/others/pChase/scripts/test-memory.sh: line 38: chase: command not found
/home/jlenis/numa_benchmark/bin/others/pChase/scripts/test-memory.sh: line 38: chase: command not found
/home/jlenis/numa_benchmark/bin/others/pChase/scripts/test-memory.sh: line 38: chase: command not found
/home/jlenis/numa_benchmark/bin/others/pChase/scripts/test-memory.sh: line 38: chase: command not found
/home/jlenis/numa_benchmark/bin/others/pChase/scripts/test-memory.sh: line 38: chase: command not found
/home/jlenis/numa_benchmark/bin/others/pChase/scripts/test-memory.sh: line 38: chase: command not found
/home/jlenis/numa_benchmark/bin/others/pChase/scripts/test-memory.sh: line 38: chase: command not found
/home/jlenis/numa_benchmark/bin/others/pChase/scripts/test-memory.sh: line 38: chase: command not found
/home/jlenis/numa_benchmark/bin/others/pChase/scripts/test-memory.sh: line 38: chase: command not found
/home/jlenis/numa_benchmark/bin/others/pChase/scripts/test-memory.sh: line 38: chase: command not found
/home/jlenis/numa_benchmark/bin/others/pChase/scripts/test-memory.sh: line 38: chase: command not found
/home/jlenis/numa_benchmark/bin/others/pChase/scripts/test-memory.sh: line 38: chase: command not found
/home/jlenis/numa_benchmark/bin/others/pChase/scripts/test-memory.sh: line 38: chase: command not found
/home/jlenis/numa_benchmark/bin/others/pChase/scripts/test-memory.sh: line 38: chase: command not found
/home/jlenis/numa_benchmark/bin/others/pChase/scripts/test-memory.sh: line 38: chase: command not found
/home/jlenis/numa_benchmark/bin/others/pChase/scripts/test-memory.sh: line 38: chase: command not found
/home/jlenis/numa_benchmark/bin/others/pChase/scripts/test-memory.sh: line 38: chase: command not found
/home/jlenis/numa_benchmark/bin/others/pChase/scripts/test-memory.sh: line 38: chase: command not found
/home/jlenis/numa_benchmark/bin/others/pChase/scripts/test-memory.sh: line 38: chase: command not found
/home/jlenis/numa_benchmark/bin/others/pChase/scripts/test-memory.sh: line 38: chase: command not found
/home/jlenis/numa_benchmark/bin/others/pChase/scripts/test-memory.sh: line 38: chase: command not found
/home/jlenis/numa_benchmark/bin/others/pChase/scripts/test-memory.sh: line 38: chase: command not found
/home/jlenis/numa_benchmark/bin/others/pChase/scripts/test-memory.sh: line 38: chase: command not found
/home/jlenis/numa_benchmark/bin/others/pChase/scripts/test-memory.sh: line 38: chase: command not found
/home/jlenis/numa_benchmark/bin/others/pChase/scripts/test-memory.sh: line 38: chase: command not found
/home/jlenis/numa_benchmark/bin/others/pChase/scripts/test-memory.sh: line 38: chase: command not found
/home/jlenis/numa_benchmark/bin/others/pChase/scripts/test-memory.sh: line 38: chase: command not found
/home/jlenis/numa_benchmark/bin/others/pChase/scripts/test-memory.sh: line 38: chase: command not found
/home/jlenis/numa_benchmark/bin/others/pChase/scripts/test-memory.sh: line 38: chase: command not found
/home/jlenis/numa_benchmark/bin/others/pChase/scripts/test-memory.sh: line 38: chase: command not found
/home/jlenis/numa_benchmark/bin/others/pChase/scripts/test-memory.sh: line 38: chase: command not found
/home/jlenis/numa_benchmark/bin/others/pChase/scripts/test-memory.sh: line 38: chase: command not found
/home/jlenis/numa_benchmark/bin/others/pChase/scripts/test-memory.sh: line 38: chase: command not found
/home/jlenis/numa_benchmark/bin/others/pChase/scripts/test-memory.sh: line 38: chase: command not found
/home/jlenis/numa_benchmark/bin/others/pChase/scripts/test-memory.sh: line 38: chase: command not found
/home/jlenis/numa_benchmark/bin/others/pChase/scripts/test-memory.sh: line 38: chase: command not found
/home/jlenis/numa_benchmark/bin/others/pChase/scripts/test-memory.sh: line 38: chase: command not found
/home/jlenis/numa_benchmark/bin/others/pChase/scripts/test-memory.sh: line 38: chase: command not found
/home/jlenis/numa_benchmark/bin/others/pChase/scripts/test-memory.sh: line 38: chase: command not found
/home/jlenis/numa_benchmark/bin/others/pChase/scripts/test-memory.sh: line 38: chase: command not found
/home/jlenis/numa_benchmark/bin/others/pChase/scripts/test-memory.sh: line 38: chase: command not found
/home/jlenis/numa_benchmark/bin/others/pChase/scripts/test-memory.sh: line 38: chase: command not found
/home/jlenis/numa_benchmark/bin/others/pChase/scripts/test-memory.sh: line 38: chase: command not found
/home/jlenis/numa_benchmark/bin/others/pChase/scripts/test-memory.sh: line 38: chase: command not found
/home/jlenis/numa_benchmark/bin/others/pChase/scripts/test-memory.sh: line 38: chase: command not found
/home/jlenis/numa_benchmark/bin/others/pChase/scripts/test-memory.sh: line 38: chase: command not found
/home/jlenis/numa_benchmark/bin/others/pChase/scripts/test-memory.sh: line 38: chase: command not found
/home/jlenis/numa_benchmark/bin/others/pChase/scripts/test-memory.sh: line 38: chase: command not found
/home/jlenis/numa_benchmark/bin/others/pChase/scripts/test-memory.sh: line 38: chase: command not found
/home/jlenis/numa_benchmark/bin/others/pChase/scripts/test-memory.sh: line 38: chase: command not found
/home/jlenis/numa_benchmark/bin/others/pChase/scripts/test-memory.sh: line 38: chase: command not found
/home/jlenis/numa_benchmark/bin/others/pChase/scripts/test-memory.sh: line 38: chase: command not found
/home/jlenis/numa_benchmark/bin/others/pChase/scripts/test-memory.sh: line 38: chase: command not found
/home/jlenis/numa_benchmark/bin/others/pChase/scripts/test-memory.sh: line 38: chase: command not found
/home/jlenis/numa_benchmark/bin/others/pChase/scripts/test-memory.sh: line 38: chase: command not found
/home/jlenis/numa_benchmark/bin/others/pChase/scripts/test-memory.sh: line 38: chase: command not found
/home/jlenis/numa_benchmark/bin/others/pChase/scripts/test-memory.sh: line 38: chase: command not found
/home/jlenis/numa_benchmark/bin/others/pChase/scripts/test-memory.sh: line 38: chase: command not found
/home/jlenis/numa_benchmark/bin/others/pChase/scripts/test-memory.sh: line 38: chase: command not found
/home/jlenis/numa_benchmark/bin/others/pChase/scripts/test-memory.sh: line 38: chase: command not found
/home/jlenis/numa_benchmark/bin/others/pChase/scripts/test-memory.sh: line 38: chase: command not found
/home/jlenis/numa_benchmark/bin/others/pChase/scripts/test-memory.sh: line 38: chase: command not found
/home/jlenis/numa_benchmark/bin/others/pChase/scripts/test-memory.sh: line 38: chase: command not found
/home/jlenis/numa_benchmark/bin/others/pChase/scripts/test-memory.sh: line 38: chase: command not found
/home/jlenis/numa_benchmark/bin/others/pChase/scripts/test-memory.sh: line 38: chase: command not found
/home/jlenis/numa_benchmark/bin/others/pChase/scripts/test-memory.sh: line 38: chase: command not found
/home/jlenis/numa_benchmark/bin/others/pChase/scripts/test-memory.sh: line 38: chase: command not found
/home/jlenis/numa_benchmark/bin/others/pChase/scripts/test-memory.sh: line 38: chase: command not found
/home/jlenis/numa_benchmark/bin/others/pChase/scripts/test-memory.sh: line 38: chase: command not found
/home/jlenis/numa_benchmark/bin/others/pChase/scripts/test-memory.sh: line 38: chase: command not found
/home/jlenis/numa_benchmark/bin/others/pChase/scripts/test-memory.sh: line 38: chase: command not found
/home/jlenis/numa_benchmark/bin/others/pChase/scripts/test-memory.sh: line 38: chase: command not found
/home/jlenis/numa_benchmark/bin/others/pChase/scripts/test-memory.sh: line 38: chase: command not found
/home/jlenis/numa_benchmark/bin/others/pChase/scripts/test-memory.sh: line 38: chase: command not found
/home/jlenis/numa_benchmark/bin/others/pChase/scripts/test-memory.sh: line 38: chase: command not found
/home/jlenis/numa_benchmark/bin/others/pChase/scripts/test-memory.sh: line 38: chase: command not found
/home/jlenis/numa_benchmark/bin/others/pChase/scripts/test-memory.sh: line 38: chase: command not found
/home/jlenis/numa_benchmark/bin/others/pChase/scripts/test-memory.sh: line 38: chase: command not found
/home/jlenis/numa_benchmark/bin/others/pChase/scripts/test-memory.sh: line 38: chase: command not found
/home/jlenis/numa_benchmark/bin/others/pChase/scripts/test-memory.sh: line 38: chase: command not found
/home/jlenis/numa_benchmark/bin/others/pChase/scripts/test-memory.sh: line 38: chase: command not found
/home/jlenis/numa_benchmark/bin/others/pChase/scripts/test-memory.sh: line 38: chase: command not found
/home/jlenis/numa_benchmark/bin/others/pChase/scripts/test-memory.sh: line 38: chase: command not found
/home/jlenis/numa_benchmark/bin/others/pChase/scripts/test-memory.sh: line 38: chase: command not found
/home/jlenis/numa_benchmark/bin/others/pChase/scripts/test-memory.sh: line 38: chase: command not found
/home/jlenis/numa_benchmark/bin/others/pChase/scripts/test-memory.sh: line 38: chase: command not found
/home/jlenis/numa_benchmark/bin/others/pChase/scripts/test-memory.sh: line 38: chase: command not found
/home/jlenis/numa_benchmark/bin/others/pChase/scripts/test-memory.sh: line 38: chase: command not found
/home/jlenis/numa_benchmark/bin/others/pChase/scripts/test-memory.sh: line 38: chase: command not found
/home/jlenis/numa_benchmark/bin/others/pChase/scripts/test-memory.sh: line 38: chase: command not found
/home/jlenis/numa_benchmark/bin/others/pChase/scripts/test-memory.sh: line 38: chase: command not found
/home/jlenis/numa_benchmark/bin/others/pChase/scripts/test-memory.sh: line 38: chase: command not found
/home/jlenis/numa_benchmark/bin/others/pChase/scripts/test-memory.sh: line 38: chase: command not found
/home/jlenis/numa_benchmark/bin/others/pChase/scripts/test-memory.sh: line 38: chase: command not found
/home/jlenis/numa_benchmark/bin/others/pChase/scripts/test-memory.sh: line 38: chase: command not found
/home/jlenis/numa_benchmark/bin/others/pChase/scripts/test-memory.sh: line 38: chase: command not found
/home/jlenis/numa_benchmark/bin/others/pChase/scripts/test-memory.sh: line 38: chase: command not found
/home/jlenis/numa_benchmark/bin/others/pChase/scripts/test-memory.sh: line 38: chase: command not found
/home/jlenis/numa_benchmark/bin/others/pChase/scripts/test-memory.sh: line 38: chase: command not found
/home/jlenis/numa_benchmark/bin/others/pChase/scripts/test-memory.sh: line 38: chase: command not found
/home/jlenis/numa_benchmark/bin/others/pChase/scripts/test-memory.sh: line 38: chase: command not found
/home/jlenis/numa_benchmark/bin/others/pChase/scripts/test-memory.sh: line 38: chase: command not found
/home/jlenis/numa_benchmark/bin/others/pChase/scripts/test-memory.sh: line 38: chase: command not found
/home/jlenis/numa_benchmark/bin/others/pChase/scripts/test-memory.sh: line 38: chase: command not found
/home/jlenis/numa_benchmark/bin/others/pChase/scripts/test-memory.sh: line 38: chase: command not found
/home/jlenis/numa_benchmark/bin/others/pChase/scripts/test-memory.sh: line 38: chase: command not found
/home/jlenis/numa_benchmark/bin/others/pChase/scripts/test-memory.sh: line 38: chase: command not found
/home/jlenis/numa_benchmark/bin/others/pChase/scripts/test-memory.sh: line 38: chase: command not found
/home/jlenis/numa_benchmark/bin/others/pChase/scripts/test-memory.sh: line 38: chase: command not found
/home/jlenis/numa_benchmark/bin/others/pChase/scripts/test-memory.sh: line 38: chase: command not found
/home/jlenis/numa_benchmark/bin/others/pChase/scripts/test-memory.sh: line 38: chase: command not found
/home/jlenis/numa_benchmark/bin/others/pChase/scripts/test-memory.sh: line 38: chase: command not found
/home/jlenis/numa_benchmark/bin/others/pChase/scripts/test-memory.sh: line 38: chase: command not found
/home/jlenis/numa_benchmark/bin/others/pChase/scripts/test-memory.sh: line 38: chase: command not found
/home/jlenis/numa_benchmark/bin/others/pChase/scripts/test-memory.sh: line 38: chase: command not found
/home/jlenis/numa_benchmark/bin/others/pChase/scripts/test-memory.sh: line 38: chase: command not found
/home/jlenis/numa_benchmark/bin/others/pChase/scripts/test-memory.sh: line 38: chase: command not found
/home/jlenis/numa_benchmark/bin/others/pChase/scripts/test-memory.sh: line 38: chase: command not found
/home/jlenis/numa_benchmark/bin/others/pChase/scripts/test-memory.sh: line 38: chase: command not found
/home/jlenis/numa_benchmark/bin/others/pChase/scripts/test-memory.sh: line 38: chase: command not found
/home/jlenis/numa_benchmark/bin/others/pChase/scripts/test-memory.sh: line 38: chase: command not found
/home/jlenis/numa_benchmark/bin/others/pChase/scripts/test-memory.sh: line 38: chase: command not found
/home/jlenis/numa_benchmark/bin/others/pChase/scripts/test-memory.sh: line 38: chase: command not found
/home/jlenis/numa_benchmark/bin/others/pChase/scripts/test-memory.sh: line 38: chase: command not found
/home/jlenis/numa_benchmark/bin/others/pChase/scripts/test-memory.sh: line 38: chase: command not found
/home/jlenis/numa_benchmark/bin/others/pChase/scripts/test-memory.sh: line 38: chase: command not found
/home/jlenis/numa_benchmark/bin/others/pChase/scripts/test-memory.sh: line 38: chase: command not found
/home/jlenis/numa_benchmark/bin/others/pChase/scripts/test-memory.sh: line 38: chase: command not found
/home/jlenis/numa_benchmark/bin/others/pChase/scripts/test-memory.sh: line 38: chase: command not found
/home/jlenis/numa_benchmark/bin/others/pChase/scripts/test-memory.sh: line 38: chase: command not found
/home/jlenis/numa_benchmark/bin/others/pChase/scripts/test-memory.sh: line 38: chase: command not found
/home/jlenis/numa_benchmark/bin/others/pChase/scripts/test-memory.sh: line 38: chase: command not found
/home/jlenis/numa_benchmark/bin/others/pChase/scripts/test-memory.sh: line 38: chase: command not found
/home/jlenis/numa_benchmark/bin/others/pChase/scripts/test-memory.sh: line 38: chase: command not found
/home/jlenis/numa_benchmark/bin/others/pChase/scripts/test-memory.sh: line 38: chase: command not found
/home/jlenis/numa_benchmark/bin/others/pChase/scripts/test-memory.sh: line 38: chase: command not found
/home/jlenis/numa_benchmark/bin/others/pChase/scripts/test-memory.sh: line 38: chase: command not found
/home/jlenis/numa_benchmark/bin/others/pChase/scripts/test-memory.sh: line 38: chase: command not found
/home/jlenis/numa_benchmark/bin/others/pChase/scripts/test-memory.sh: line 38: chase: command not found
/home/jlenis/numa_benchmark/bin/others/pChase/scripts/test-memory.sh: line 38: chase: command not found
/home/jlenis/numa_benchmark/bin/others/pChase/scripts/test-memory.sh: line 38: chase: command not found
/home/jlenis/numa_benchmark/bin/others/pChase/scripts/test-memory.sh: line 38: chase: command not found
/home/jlenis/numa_benchmark/bin/others/pChase/scripts/test-memory.sh: line 38: chase: command not found
/home/jlenis/numa_benchmark/bin/others/pChase/scripts/test-memory.sh: line 38: chase: command not found
/home/jlenis/numa_benchmark/bin/others/pChase/scripts/test-memory.sh: line 38: chase: command not found
/home/jlenis/numa_benchmark/bin/others/pChase/scripts/test-memory.sh: line 38: chase: command not found
/home/jlenis/numa_benchmark/bin/others/pChase/scripts/test-memory.sh: line 38: chase: command not found
/home/jlenis/numa_benchmark/bin/others/pChase/scripts/test-memory.sh: line 38: chase: command not found
/home/jlenis/numa_benchmark/bin/others/pChase/scripts/test-memory.sh: line 38: chase: command not found
/home/jlenis/numa_benchmark/bin/others/pChase/scripts/test-memory.sh: line 38: chase: command not found
/home/jlenis/numa_benchmark/bin/others/pChase/scripts/test-memory.sh: line 38: chase: command not found
/home/jlenis/numa_benchmark/bin/others/pChase/scripts/test-memory.sh: line 38: chase: command not found
/home/jlenis/numa_benchmark/bin/others/pChase/scripts/test-memory.sh: line 38: chase: command not found
/home/jlenis/numa_benchmark/bin/others/pChase/scripts/test-memory.sh: line 38: chase: command not found
/home/jlenis/numa_benchmark/bin/others/pChase/scripts/test-memory.sh: line 38: chase: command not found
/home/jlenis/numa_benchmark/bin/others/pChase/scripts/test-memory.sh: line 38: chase: command not found
/home/jlenis/numa_benchmark/bin/others/pChase/scripts/test-memory.sh: line 38: chase: command not found
/home/jlenis/numa_benchmark/bin/others/pChase/scripts/test-memory.sh: line 38: chase: command not found
/home/jlenis/numa_benchmark/bin/others/pChase/scripts/test-memory.sh: line 38: chase: command not found
/home/jlenis/numa_benchmark/bin/others/pChase/scripts/test-memory.sh: line 38: chase: command not found
/home/jlenis/numa_benchmark/bin/others/pChase/scripts/test-memory.sh: line 38: chase: command not found
/home/jlenis/numa_benchmark/bin/others/pChase/scripts/test-memory.sh: line 38: chase: command not found
/home/jlenis/numa_benchmark/bin/others/pChase/scripts/test-memory.sh: line 38: chase: command not found
/home/jlenis/numa_benchmark/bin/others/pChase/scripts/test-memory.sh: line 38: chase: command not found
/home/jlenis/numa_benchmark/bin/others/pChase/scripts/test-memory.sh: line 38: chase: command not found
/home/jlenis/numa_benchmark/bin/others/pChase/scripts/test-memory.sh: line 38: chase: command not found
/home/jlenis/numa_benchmark/bin/others/pChase/scripts/test-memory.sh: line 38: chase: command not found
/home/jlenis/numa_benchmark/bin/others/pChase/scripts/test-memory.sh: line 38: chase: command not found
/home/jlenis/numa_benchmark/bin/others/pChase/scripts/test-memory.sh: line 38: chase: command not found
/home/jlenis/numa_benchmark/bin/others/pChase/scripts/test-memory.sh: line 38: chase: command not found
/home/jlenis/numa_benchmark/bin/others/pChase/scripts/test-memory.sh: line 38: chase: command not found
/home/jlenis/numa_benchmark/bin/others/pChase/scripts/test-memory.sh: line 38: chase: command not found
/home/jlenis/numa_benchmark/bin/others/pChase/scripts/test-memory.sh: line 38: chase: command not found
/home/jlenis/numa_benchmark/bin/others/pChase/scripts/test-memory.sh: line 38: chase: command not found
/home/jlenis/numa_benchmark/bin/others/pChase/scripts/test-memory.sh: line 38: chase: command not found
/home/jlenis/numa_benchmark/bin/others/pChase/scripts/test-memory.sh: line 38: chase: command not found
/home/jlenis/numa_benchmark/bin/others/pChase/scripts/test-memory.sh: line 38: chase: command not found
/home/jlenis/numa_benchmark/bin/others/pChase/scripts/test-memory.sh: line 38: chase: command not found
/home/jlenis/numa_benchmark/bin/others/pChase/scripts/test-memory.sh: line 38: chase: command not found
/home/jlenis/numa_benchmark/bin/others/pChase/scripts/test-memory.sh: line 38: chase: command not found
/home/jlenis/numa_benchmark/bin/others/pChase/scripts/test-memory.sh: line 38: chase: command not found
/home/jlenis/numa_benchmark/bin/others/pChase/scripts/test-memory.sh: line 38: chase: command not found
/home/jlenis/numa_benchmark/bin/others/pChase/scripts/test-memory.sh: line 38: chase: command not found
/home/jlenis/numa_benchmark/bin/others/pChase/scripts/test-memory.sh: line 38: chase: command not found
/home/jlenis/numa_benchmark/bin/others/pChase/scripts/test-memory.sh: line 38: chase: command not found
/home/jlenis/numa_benchmark/bin/others/pChase/scripts/test-memory.sh: line 38: chase: command not found
/home/jlenis/numa_benchmark/bin/others/pChase/scripts/test-memory.sh: line 38: chase: command not found
/home/jlenis/numa_benchmark/bin/others/pChase/scripts/test-memory.sh: line 38: chase: command not found
/home/jlenis/numa_benchmark/bin/others/pChase/scripts/test-memory.sh: line 38: chase: command not found
/home/jlenis/numa_benchmark/bin/others/pChase/scripts/test-memory.sh: line 38: chase: command not found
/home/jlenis/numa_benchmark/bin/others/pChase/scripts/test-memory.sh: line 38: chase: command not found
/home/jlenis/numa_benchmark/bin/others/pChase/scripts/test-memory.sh: line 38: chase: command not found
/home/jlenis/numa_benchmark/bin/others/pChase/scripts/test-memory.sh: line 38: chase: command not found
/home/jlenis/numa_benchmark/bin/others/pChase/scripts/test-memory.sh: line 38: chase: command not found
/home/jlenis/numa_benchmark/bin/others/pChase/scripts/test-memory.sh: line 38: chase: command not found
/home/jlenis/numa_benchmark/bin/others/pChase/scripts/test-memory.sh: line 38: chase: command not found
/home/jlenis/numa_benchmark/bin/others/pChase/scripts/test-memory.sh: line 38: chase: command not found
/home/jlenis/numa_benchmark/bin/others/pChase/scripts/test-memory.sh: line 38: chase: command not found
/home/jlenis/numa_benchmark/bin/others/pChase/scripts/test-memory.sh: line 38: chase: command not found
/home/jlenis/numa_benchmark/bin/others/pChase/scripts/test-memory.sh: line 38: chase: command not found
/home/jlenis/numa_benchmark/bin/others/pChase/scripts/test-memory.sh: line 38: chase: command not found
/home/jlenis/numa_benchmark/bin/others/pChase/scripts/test-memory.sh: line 38: chase: command not found
/home/jlenis/numa_benchmark/bin/others/pChase/scripts/test-memory.sh: line 38: chase: command not found
/home/jlenis/numa_benchmark/bin/others/pChase/scripts/test-memory.sh: line 38: chase: command not found
/home/jlenis/numa_benchmark/bin/others/pChase/scripts/test-memory.sh: line 38: chase: command not found
/home/jlenis/numa_benchmark/bin/others/pChase/scripts/test-memory.sh: line 38: chase: command not found
/home/jlenis/numa_benchmark/bin/others/pChase/scripts/test-memory.sh: line 38: chase: command not found
/home/jlenis/numa_benchmark/bin/others/pChase/scripts/test-memory.sh: line 38: chase: command not found
/home/jlenis/numa_benchmark/bin/others/pChase/scripts/test-memory.sh: line 38: chase: command not found
/home/jlenis/numa_benchmark/bin/others/pChase/scripts/test-memory.sh: line 38: chase: command not found
/home/jlenis/numa_benchmark/bin/others/pChase/scripts/test-memory.sh: line 38: chase: command not found
/home/jlenis/numa_benchmark/bin/others/pChase/scripts/test-memory.sh: line 38: chase: command not found
/home/jlenis/numa_benchmark/bin/others/pChase/scripts/test-memory.sh: line 38: chase: command not found
/home/jlenis/numa_benchmark/bin/others/pChase/scripts/test-memory.sh: line 38: chase: command not found
/home/jlenis/numa_benchmark/bin/others/pChase/scripts/test-memory.sh: line 38: chase: command not found
/home/jlenis/numa_benchmark/bin/others/pChase/scripts/test-memory.sh: line 38: chase: command not found
/home/jlenis/numa_benchmark/bin/others/pChase/scripts/test-memory.sh: line 38: chase: command not found
/home/jlenis/numa_benchmark/bin/others/pChase/scripts/test-memory.sh: line 38: chase: command not found
/home/jlenis/numa_benchmark/bin/others/pChase/scripts/test-memory.sh: line 38: chase: command not found
/home/jlenis/numa_benchmark/bin/others/pChase/scripts/test-memory.sh: line 38: chase: command not found
/home/jlenis/numa_benchmark/bin/others/pChase/scripts/test-memory.sh: line 38: chase: command not found
/home/jlenis/numa_benchmark/bin/others/pChase/scripts/test-memory.sh: line 38: chase: command not found
/home/jlenis/numa_benchmark/bin/others/pChase/scripts/test-memory.sh: line 38: chase: command not found
/home/jlenis/numa_benchmark/bin/others/pChase/scripts/test-memory.sh: line 38: chase: command not found
/home/jlenis/numa_benchmark/bin/others/pChase/scripts/test-memory.sh: line 38: chase: command not found
/home/jlenis/numa_benchmark/bin/others/pChase/scripts/test-memory.sh: line 38: chase: command not found
/home/jlenis/numa_benchmark/bin/others/pChase/scripts/test-memory.sh: line 38: chase: command not found
/home/jlenis/numa_benchmark/bin/others/pChase/scripts/test-memory.sh: line 38: chase: command not found
/home/jlenis/numa_benchmark/bin/others/pChase/scripts/test-memory.sh: line 38: chase: command not found
/home/jlenis/numa_benchmark/bin/others/pChase/scripts/test-memory.sh: line 38: chase: command not found
/home/jlenis/numa_benchmark/bin/others/pChase/scripts/test-memory.sh: line 38: chase: command not found
/home/jlenis/numa_benchmark/bin/others/pChase/scripts/test-memory.sh: line 38: chase: command not found
/home/jlenis/numa_benchmark/bin/others/pChase/scripts/test-memory.sh: line 38: chase: command not found
/home/jlenis/numa_benchmark/bin/others/pChase/scripts/test-memory.sh: line 38: chase: command not found
/home/jlenis/numa_benchmark/bin/others/pChase/scripts/test-memory.sh: line 38: chase: command not found
/home/jlenis/numa_benchmark/bin/others/pChase/scripts/test-memory.sh: line 38: chase: command not found
/home/jlenis/numa_benchmark/bin/others/pChase/scripts/test-memory.sh: line 38: chase: command not found
/home/jlenis/numa_benchmark/bin/others/pChase/scripts/test-memory.sh: line 38: chase: command not found
/home/jlenis/numa_benchmark/bin/others/pChase/scripts/test-memory.sh: line 38: chase: command not found
/home/jlenis/numa_benchmark/bin/others/pChase/scripts/test-memory.sh: line 38: chase: command not found
/home/jlenis/numa_benchmark/bin/others/pChase/scripts/test-memory.sh: line 38: chase: command not found
/home/jlenis/numa_benchmark/bin/others/pChase/scripts/test-memory.sh: line 38: chase: command not found
/home/jlenis/numa_benchmark/bin/others/pChase/scripts/test-memory.sh: line 38: chase: command not found
/home/jlenis/numa_benchmark/bin/others/pChase/scripts/test-memory.sh: line 38: chase: command not found
/home/jlenis/numa_benchmark/bin/others/pChase/scripts/test-memory.sh: line 38: chase: command not found
/home/jlenis/numa_benchmark/bin/others/pChase/scripts/test-memory.sh: line 38: chase: command not found
/home/jlenis/numa_benchmark/bin/others/pChase/scripts/test-memory.sh: line 38: chase: command not found
/home/jlenis/numa_benchmark/bin/others/pChase/scripts/test-memory.sh: line 38: chase: command not found
/home/jlenis/numa_benchmark/bin/others/pChase/scripts/test-memory.sh: line 38: chase: command not found
/home/jlenis/numa_benchmark/bin/others/pChase/scripts/test-memory.sh: line 38: chase: command not found
/home/jlenis/numa_benchmark/bin/others/pChase/scripts/test-memory.sh: line 38: chase: command not found
/home/jlenis/numa_benchmark/bin/others/pChase/scripts/test-memory.sh: line 38: chase: command not found
/home/jlenis/numa_benchmark/bin/others/pChase/scripts/test-memory.sh: line 38: chase: command not found
/home/jlenis/numa_benchmark/bin/others/pChase/scripts/test-memory.sh: line 38: chase: command not found
/home/jlenis/numa_benchmark/bin/others/pChase/scripts/test-memory.sh: line 38: chase: command not found
/home/jlenis/numa_benchmark/bin/others/pChase/scripts/test-memory.sh: line 38: chase: command not found
/home/jlenis/numa_benchmark/bin/others/pChase/scripts/test-memory.sh: line 38: chase: command not found
/home/jlenis/numa_benchmark/bin/others/pChase/scripts/test-memory.sh: line 38: chase: command not found
/home/jlenis/numa_benchmark/bin/others/pChase/scripts/test-memory.sh: line 38: chase: command not found
/home/jlenis/numa_benchmark/bin/others/pChase/scripts/test-memory.sh: line 38: chase: command not found
/home/jlenis/numa_benchmark/bin/others/pChase/scripts/test-memory.sh: line 38: chase: command not found
/home/jlenis/numa_benchmark/bin/others/pChase/scripts/test-memory.sh: line 38: chase: command not found
/home/jlenis/numa_benchmark/bin/others/pChase/scripts/test-memory.sh: line 38: chase: command not found
/home/jlenis/numa_benchmark/bin/others/pChase/scripts/test-memory.sh: line 38: chase: command not found
/home/jlenis/numa_benchmark/bin/others/pChase/scripts/test-memory.sh: line 38: chase: command not found
/home/jlenis/numa_benchmark/bin/others/pChase/scripts/test-memory.sh: line 38: chase: command not found
/home/jlenis/numa_benchmark/bin/others/pChase/scripts/test-memory.sh: line 38: chase: command not found
/home/jlenis/numa_benchmark/bin/others/pChase/scripts/test-memory.sh: line 38: chase: command not found
/home/jlenis/numa_benchmark/bin/others/pChase/scripts/test-memory.sh: line 38: chase: command not found
/home/jlenis/numa_benchmark/bin/others/pChase/scripts/test-memory.sh: line 38: chase: command not found
/home/jlenis/numa_benchmark/bin/others/pChase/scripts/test-memory.sh: line 38: chase: command not found
/home/jlenis/numa_benchmark/bin/others/pChase/scripts/test-memory.sh: line 38: chase: command not found
/home/jlenis/numa_benchmark/bin/others/pChase/scripts/test-memory.sh: line 38: chase: command not found
/home/jlenis/numa_benchmark/bin/others/pChase/scripts/test-memory.sh: line 38: chase: command not found
/home/jlenis/numa_benchmark/bin/others/pChase/scripts/test-memory.sh: line 38: chase: command not found
/home/jlenis/numa_benchmark/bin/others/pChase/scripts/test-memory.sh: line 38: chase: command not found
/home/jlenis/numa_benchmark/bin/others/pChase/scripts/test-memory.sh: line 38: chase: command not found
/home/jlenis/numa_benchmark/bin/others/pChase/scripts/test-memory.sh: line 38: chase: command not found
/home/jlenis/numa_benchmark/bin/others/pChase/scripts/test-memory.sh: line 38: chase: command not found
/home/jlenis/numa_benchmark/bin/others/pChase/scripts/test-memory.sh: line 38: chase: command not found
/home/jlenis/numa_benchmark/bin/others/pChase/scripts/test-memory.sh: line 38: chase: command not found
/home/jlenis/numa_benchmark/bin/others/pChase/scripts/test-memory.sh: line 38: chase: command not found
/home/jlenis/numa_benchmark/bin/others/pChase/scripts/test-memory.sh: line 38: chase: command not found
/home/jlenis/numa_benchmark/bin/others/pChase/scripts/test-memory.sh: line 38: chase: command not found
/home/jlenis/numa_benchmark/bin/others/pChase/scripts/test-memory.sh: line 38: chase: command not found
/home/jlenis/numa_benchmark/bin/others/pChase/scripts/test-memory.sh: line 38: chase: command not found
/home/jlenis/numa_benchmark/bin/others/pChase/scripts/test-memory.sh: line 38: chase: command not found
/home/jlenis/numa_benchmark/bin/others/pChase/scripts/test-memory.sh: line 38: chase: command not found
/home/jlenis/numa_benchmark/bin/others/pChase/scripts/test-memory.sh: line 38: chase: command not found
/home/jlenis/numa_benchmark/bin/others/pChase/scripts/test-memory.sh: line 38: chase: command not found
/home/jlenis/numa_benchmark/bin/others/pChase/scripts/test-memory.sh: line 38: chase: command not found
/home/jlenis/numa_benchmark/bin/others/pChase/scripts/test-memory.sh: line 38: chase: command not found
/home/jlenis/numa_benchmark/bin/others/pChase/scripts/test-memory.sh: line 38: chase: command not found
/home/jlenis/numa_benchmark/bin/others/pChase/scripts/test-memory.sh: line 38: chase: command not found
/home/jlenis/numa_benchmark/bin/others/pChase/scripts/test-memory.sh: line 38: chase: command not found
/home/jlenis/numa_benchmark/bin/others/pChase/scripts/test-memory.sh: line 38: chase: command not found
/home/jlenis/numa_benchmark/bin/others/pChase/scripts/test-memory.sh: line 38: chase: command not found
/home/jlenis/numa_benchmark/bin/others/pChase/scripts/test-memory.sh: line 38: chase: command not found
/home/jlenis/numa_benchmark/bin/others/pChase/scripts/test-memory.sh: line 38: chase: command not found
/home/jlenis/numa_benchmark/bin/others/pChase/scripts/test-memory.sh: line 38: chase: command not found
/home/jlenis/numa_benchmark/bin/others/pChase/scripts/test-memory.sh: line 38: chase: command not found
/home/jlenis/numa_benchmark/bin/others/pChase/scripts/test-memory.sh: line 38: chase: command not found
/home/jlenis/numa_benchmark/bin/others/pChase/scripts/test-memory.sh: line 38: chase: command not found
/home/jlenis/numa_benchmark/bin/others/pChase/scripts/test-memory.sh: line 38: chase: command not found
/home/jlenis/numa_benchmark/bin/others/pChase/scripts/test-memory.sh: line 38: chase: command not found
/home/jlenis/numa_benchmark/bin/others/pChase/scripts/test-memory.sh: line 38: chase: command not found
/home/jlenis/numa_benchmark/bin/others/pChase/scripts/test-memory.sh: line 38: chase: command not found
/home/jlenis/numa_benchmark/bin/others/pChase/scripts/test-memory.sh: line 38: chase: command not found
/home/jlenis/numa_benchmark/bin/others/pChase/scripts/test-memory.sh: line 38: chase: command not found
/home/jlenis/numa_benchmark/bin/others/pChase/scripts/test-memory.sh: line 38: chase: command not found
/home/jlenis/numa_benchmark/bin/others/pChase/scripts/test-memory.sh: line 38: chase: command not found
/home/jlenis/numa_benchmark/bin/others/pChase/scripts/test-memory.sh: line 38: chase: command not found
/home/jlenis/numa_benchmark/bin/others/pChase/scripts/test-memory.sh: line 38: chase: command not found
/home/jlenis/numa_benchmark/bin/others/pChase/scripts/test-memory.sh: line 38: chase: command not found
/home/jlenis/numa_benchmark/bin/others/pChase/scripts/test-memory.sh: line 38: chase: command not found
/home/jlenis/numa_benchmark/bin/others/pChase/scripts/test-memory.sh: line 38: chase: command not found
/home/jlenis/numa_benchmark/bin/others/pChase/scripts/test-memory.sh: line 38: chase: command not found
/home/jlenis/numa_benchmark/bin/others/pChase/scripts/test-memory.sh: line 38: chase: command not found
/home/jlenis/numa_benchmark/bin/others/pChase/scripts/test-memory.sh: line 38: chase: command not found
/home/jlenis/numa_benchmark/bin/others/pChase/scripts/test-memory.sh: line 38: chase: command not found
/home/jlenis/numa_benchmark/bin/others/pChase/scripts/test-memory.sh: line 38: chase: command not found
/home/jlenis/numa_benchmark/bin/others/pChase/scripts/test-memory.sh: line 38: chase: command not found
/home/jlenis/numa_benchmark/bin/others/pChase/scripts/test-memory.sh: line 38: chase: command not found
/home/jlenis/numa_benchmark/bin/others/pChase/scripts/test-memory.sh: line 38: chase: command not found
/home/jlenis/numa_benchmark/bin/others/pChase/scripts/test-memory.sh: line 38: chase: command not found
/home/jlenis/numa_benchmark/bin/others/pChase/scripts/test-memory.sh: line 38: chase: command not found
/home/jlenis/numa_benchmark/bin/others/pChase/scripts/test-memory.sh: line 38: chase: command not found
/home/jlenis/numa_benchmark/bin/others/pChase/scripts/test-memory.sh: line 38: chase: command not found
/home/jlenis/numa_benchmark/bin/others/pChase/scripts/test-memory.sh: line 38: chase: command not found
/home/jlenis/numa_benchmark/bin/others/pChase/scripts/test-memory.sh: line 38: chase: command not found
/home/jlenis/numa_benchmark/bin/others/pChase/scripts/test-memory.sh: line 38: chase: command not found
/home/jlenis/numa_benchmark/bin/others/pChase/scripts/test-memory.sh: line 38: chase: command not found
/home/jlenis/numa_benchmark/bin/others/pChase/scripts/test-memory.sh: line 38: chase: command not found
/home/jlenis/numa_benchmark/bin/others/pChase/scripts/test-memory.sh: line 38: chase: command not found
/home/jlenis/numa_benchmark/bin/others/pChase/scripts/test-memory.sh: line 38: chase: command not found
/home/jlenis/numa_benchmark/bin/others/pChase/scripts/test-memory.sh: line 38: chase: command not found
/home/jlenis/numa_benchmark/bin/others/pChase/scripts/test-memory.sh: line 38: chase: command not found
/home/jlenis/numa_benchmark/bin/others/pChase/scripts/test-memory.sh: line 38: chase: command not found
/home/jlenis/numa_benchmark/bin/others/pChase/scripts/test-memory.sh: line 38: chase: command not found
/home/jlenis/numa_benchmark/bin/others/pChase/scripts/test-memory.sh: line 38: chase: command not found
/home/jlenis/numa_benchmark/bin/others/pChase/scripts/test-memory.sh: line 38: chase: command not found
/home/jlenis/numa_benchmark/bin/others/pChase/scripts/test-memory.sh: line 38: chase: command not found
/home/jlenis/numa_benchmark/bin/others/pChase/scripts/test-memory.sh: line 38: chase: command not found
/home/jlenis/numa_benchmark/bin/others/pChase/scripts/test-memory.sh: line 38: chase: command not found
/home/jlenis/numa_benchmark/bin/others/pChase/scripts/test-memory.sh: line 38: chase: command not found
/home/jlenis/numa_benchmark/bin/others/pChase/scripts/test-memory.sh: line 38: chase: command not found
/home/jlenis/numa_benchmark/bin/others/pChase/scripts/test-memory.sh: line 38: chase: command not found
/home/jlenis/numa_benchmark/bin/others/pChase/scripts/test-memory.sh: line 38: chase: command not found
/home/jlenis/numa_benchmark/bin/others/pChase/scripts/test-memory.sh: line 38: chase: command not found
/home/jlenis/numa_benchmark/bin/others/pChase/scripts/test-memory.sh: line 38: chase: command not found
/home/jlenis/numa_benchmark/bin/others/pChase/scripts/test-memory.sh: line 38: chase: command not found
/home/jlenis/numa_benchmark/bin/others/pChase/scripts/test-memory.sh: line 38: chase: command not found
/home/jlenis/numa_benchmark/bin/others/pChase/scripts/test-memory.sh: line 44: date: command not found
Benchmark ended at
