Number of threads: 8
Job ID: 1934
Machine: catwoman 

Socket: 0  MEM: 0

 Performance counter stats for 'numactl --cpunodebind=0 --membind=0 /home/jlenis/numa_benchmark/bin/stream.05GiB.10':

      120340455803 cycles                    #    0.000 GHz                     [50.02%]
       21787809342 instructions              #    0.18  insns per cycle         [75.02%]
        7982480711 cache-references                                             [74.98%]
           7848087 cache-misses              #    0.098 % of all cache refs     [75.00%]
              1647 faults                                                      
                 8 migrations                                                  

       6.345341568 seconds time elapsed

 Time Elapsed: 6
Socket: 0  MEM: 1

 Performance counter stats for 'numactl --cpunodebind=0 --membind=1 /home/jlenis/numa_benchmark/bin/stream.05GiB.10':

      213325676139 cycles                    #    0.000 GHz                     [50.03%]
       21935525693 instructions              #    0.10  insns per cycle         [75.02%]
        7436254373 cache-references                                             [74.97%]
           9261047 cache-misses              #    0.125 % of all cache refs     [75.01%]
              1647 faults                                                      
                 7 migrations                                                  

      10.951838504 seconds time elapsed

 Time Elapsed: 11
Socket: 0  MEM: 2

 Performance counter stats for 'numactl --cpunodebind=0 --membind=2 /home/jlenis/numa_benchmark/bin/stream.05GiB.10':

      277932449990 cycles                    #    0.000 GHz                     [50.02%]
       22065360494 instructions              #    0.08  insns per cycle         [75.02%]
        7369657659 cache-references                                             [74.98%]
          11500476 cache-misses              #    0.156 % of all cache refs     [75.00%]
              1647 faults                                                      
                 7 migrations                                                  

      14.152936681 seconds time elapsed

 Time Elapsed: 14
Socket: 0  MEM: 3

 Performance counter stats for 'numactl --cpunodebind=0 --membind=3 /home/jlenis/numa_benchmark/bin/stream.05GiB.10':

      322619962028 cycles                    #    0.000 GHz                     [50.02%]
       22221486656 instructions              #    0.07  insns per cycle         [75.02%]
        7270649462 cache-references                                             [74.97%]
          12291096 cache-misses              #    0.169 % of all cache refs     [75.00%]
              1647 faults                                                      
                 7 migrations                                                  

      16.508790339 seconds time elapsed

 Time Elapsed: 17
Socket: 0  MEM: 4

 Performance counter stats for 'numactl --cpunodebind=0 --membind=4 /home/jlenis/numa_benchmark/bin/stream.05GiB.10':

      387711455837 cycles                    #    0.000 GHz                     [50.02%]
       22259379399 instructions              #    0.06  insns per cycle         [75.02%]
        7276624860 cache-references                                             [74.97%]
          13795176 cache-misses              #    0.190 % of all cache refs     [75.00%]
              1647 faults                                                      
                 7 migrations                                                  

      19.486186903 seconds time elapsed

 Time Elapsed: 19
Socket: 0  MEM: 5

 Performance counter stats for 'numactl --cpunodebind=0 --membind=5 /home/jlenis/numa_benchmark/bin/stream.05GiB.10':

      405722380618 cycles                    #    0.000 GHz                     [50.02%]
       22343800001 instructions              #    0.06  insns per cycle         [75.02%]
        7263753706 cache-references                                             [74.98%]
          14193031 cache-misses              #    0.195 % of all cache refs     [75.00%]
              1647 faults                                                      
                 7 migrations                                                  

      20.557773217 seconds time elapsed

 Time Elapsed: 21
Socket: 0  MEM: 6

 Performance counter stats for 'numactl --cpunodebind=0 --membind=6 /home/jlenis/numa_benchmark/bin/stream.05GiB.10':

      379882553720 cycles                    #    0.000 GHz                     [50.03%]
       22265053914 instructions              #    0.06  insns per cycle         [75.03%]
        7298703544 cache-references                                             [74.97%]
          13820952 cache-misses              #    0.189 % of all cache refs     [75.00%]
              1648 faults                                                      
                 7 migrations                                                  

      19.105279896 seconds time elapsed

 Time Elapsed: 19
Socket: 0  MEM: 7

 Performance counter stats for 'numactl --cpunodebind=0 --membind=7 /home/jlenis/numa_benchmark/bin/stream.05GiB.10':

      551429095503 cycles                    #    0.000 GHz                     [50.02%]
       22610109419 instructions              #    0.04  insns per cycle         [75.01%]
        7284787015 cache-references                                             [74.98%]
          17227468 cache-misses              #    0.236 % of all cache refs     [75.00%]
              1647 faults                                                      
                 7 migrations                                                  

      27.677364761 seconds time elapsed

 Time Elapsed: 28
Socket: 1  MEM: 0

 Performance counter stats for 'numactl --cpunodebind=1 --membind=0 /home/jlenis/numa_benchmark/bin/stream.05GiB.10':

      213058332080 cycles                    #    0.000 GHz                     [50.01%]
       21945094886 instructions              #    0.10  insns per cycle         [75.02%]
        7465713889 cache-references                                             [74.98%]
           9200528 cache-misses              #    0.123 % of all cache refs     [75.01%]
              1647 faults                                                      
                 8 migrations                                                  

      10.936404821 seconds time elapsed

 Time Elapsed: 10
Socket: 1  MEM: 1

 Performance counter stats for 'numactl --cpunodebind=1 --membind=1 /home/jlenis/numa_benchmark/bin/stream.05GiB.10':

      118689285958 cycles                    #    0.000 GHz                     [50.02%]
       21776050500 instructions              #    0.18  insns per cycle         [75.02%]
        8049748787 cache-references                                             [74.97%]
           7779196 cache-misses              #    0.097 % of all cache refs     [75.01%]
              1646 faults                                                      
                 7 migrations                                                  

       6.255550417 seconds time elapsed

 Time Elapsed: 7
Socket: 1  MEM: 2

 Performance counter stats for 'numactl --cpunodebind=1 --membind=2 /home/jlenis/numa_benchmark/bin/stream.05GiB.10':

      322886840985 cycles                    #    0.000 GHz                     [50.02%]
       22164377975 instructions              #    0.07  insns per cycle         [75.02%]
        7249672123 cache-references                                             [74.97%]
          12027103 cache-misses              #    0.166 % of all cache refs     [75.00%]
              1647 faults                                                      
                 7 migrations                                                  

      16.521274913 seconds time elapsed

 Time Elapsed: 16
Socket: 1  MEM: 3

 Performance counter stats for 'numactl --cpunodebind=1 --membind=3 /home/jlenis/numa_benchmark/bin/stream.05GiB.10':

      278354404558 cycles                    #    0.000 GHz                     [50.02%]
       22072436263 instructions              #    0.08  insns per cycle         [75.02%]
        7397112815 cache-references                                             [74.98%]
          11383763 cache-misses              #    0.154 % of all cache refs     [75.00%]
              1647 faults                                                      
                 7 migrations                                                  

      14.183627442 seconds time elapsed

 Time Elapsed: 14
Socket: 1  MEM: 4

 Performance counter stats for 'numactl --cpunodebind=1 --membind=4 /home/jlenis/numa_benchmark/bin/stream.05GiB.10':

      390910687755 cycles                    #    0.000 GHz                     [50.02%]
       22258562005 instructions              #    0.06  insns per cycle         [75.02%]
        7287634763 cache-references                                             [74.98%]
          13718481 cache-misses              #    0.188 % of all cache refs     [75.00%]
              1646 faults                                                      
                 7 migrations                                                  

      19.651851140 seconds time elapsed

 Time Elapsed: 20
Socket: 1  MEM: 5

 Performance counter stats for 'numactl --cpunodebind=1 --membind=5 /home/jlenis/numa_benchmark/bin/stream.05GiB.10':

      408251568531 cycles                    #    0.000 GHz                     [50.02%]
       22312643685 instructions              #    0.05  insns per cycle         [75.02%]
        7233259846 cache-references                                             [74.98%]
          14061239 cache-misses              #    0.194 % of all cache refs     [75.00%]
              1647 faults                                                      
                 7 migrations                                                  

      20.685871725 seconds time elapsed

 Time Elapsed: 21
Socket: 1  MEM: 6

 Performance counter stats for 'numactl --cpunodebind=1 --membind=6 /home/jlenis/numa_benchmark/bin/stream.05GiB.10':

      551869480408 cycles                    #    0.000 GHz                     [50.02%]
       22571993844 instructions              #    0.04  insns per cycle         [75.02%]
        7299160934 cache-references                                             [74.98%]
          16781040 cache-misses              #    0.230 % of all cache refs     [75.01%]
              1647 faults                                                      
                 7 migrations                                                  

      27.671937195 seconds time elapsed

 Time Elapsed: 28
Socket: 1  MEM: 7

 Performance counter stats for 'numactl --cpunodebind=1 --membind=7 /home/jlenis/numa_benchmark/bin/stream.05GiB.10':

      383784483908 cycles                    #    0.000 GHz                     [50.02%]
       22247428704 instructions              #    0.06  insns per cycle         [75.02%]
        7304593978 cache-references                                             [74.97%]
          13573392 cache-misses              #    0.186 % of all cache refs     [75.01%]
              1647 faults                                                      
                 7 migrations                                                  

      19.294289256 seconds time elapsed

 Time Elapsed: 19
Socket: 2  MEM: 0

 Performance counter stats for 'numactl --cpunodebind=2 --membind=0 /home/jlenis/numa_benchmark/bin/stream.05GiB.10':

      389733032933 cycles                    #    0.000 GHz                     [50.01%]
       22279065803 instructions              #    0.06  insns per cycle         [75.01%]
        7296932004 cache-references                                             [74.98%]
          13623067 cache-misses              #    0.187 % of all cache refs     [75.01%]
              1647 faults                                                      
                 7 migrations                                                  

      19.595658873 seconds time elapsed

 Time Elapsed: 19
Socket: 2  MEM: 1

 Performance counter stats for 'numactl --cpunodebind=2 --membind=1 /home/jlenis/numa_benchmark/bin/stream.05GiB.10':

      565686339440 cycles                    #    0.000 GHz                     [50.02%]
       22540980643 instructions              #    0.04  insns per cycle         [75.01%]
        7270984651 cache-references                                             [74.98%]
          17190029 cache-misses              #    0.236 % of all cache refs     [75.01%]
              1647 faults                                                      
                 8 migrations                                                  

      28.353789827 seconds time elapsed

 Time Elapsed: 29
Socket: 2  MEM: 2

 Performance counter stats for 'numactl --cpunodebind=2 --membind=2 /home/jlenis/numa_benchmark/bin/stream.05GiB.10':

      118972158703 cycles                    #    0.000 GHz                     [50.02%]
       21779968596 instructions              #    0.18  insns per cycle         [75.02%]
        8016332516 cache-references                                             [74.98%]
           7764417 cache-misses              #    0.097 % of all cache refs     [75.01%]
              1647 faults                                                      
                 7 migrations                                                  

       6.246902810 seconds time elapsed

 Time Elapsed: 6
Socket: 2  MEM: 3

 Performance counter stats for 'numactl --cpunodebind=2 --membind=3 /home/jlenis/numa_benchmark/bin/stream.05GiB.10':

      213680207962 cycles                    #    0.000 GHz                     [50.02%]
       21939564422 instructions              #    0.10  insns per cycle         [75.02%]
        7468185038 cache-references                                             [74.98%]
           9289670 cache-misses              #    0.124 % of all cache refs     [75.01%]
              1647 faults                                                      
                 7 migrations                                                  

      10.952175616 seconds time elapsed

 Time Elapsed: 11
Socket: 2  MEM: 4

 Performance counter stats for 'numactl --cpunodebind=2 --membind=4 /home/jlenis/numa_benchmark/bin/stream.05GiB.10':

      377745433034 cycles                    #    0.000 GHz                     [50.02%]
       22232664551 instructions              #    0.06  insns per cycle         [75.02%]
        7315319645 cache-references                                             [74.97%]
          13324338 cache-misses              #    0.182 % of all cache refs     [75.00%]
              1647 faults                                                      
                 7 migrations                                                  

      18.998443760 seconds time elapsed

 Time Elapsed: 19
Socket: 2  MEM: 5

 Performance counter stats for 'numactl --cpunodebind=2 --membind=5 /home/jlenis/numa_benchmark/bin/stream.05GiB.10':

      269452080790 cycles                    #    0.000 GHz                     [50.02%]
       22052391333 instructions              #    0.08  insns per cycle         [75.02%]
        7402574707 cache-references                                             [74.97%]
          11344611 cache-misses              #    0.153 % of all cache refs     [75.00%]
              1647 faults                                                      
                 7 migrations                                                  

      13.733821002 seconds time elapsed

 Time Elapsed: 14
Socket: 2  MEM: 6

 Performance counter stats for 'numactl --cpunodebind=2 --membind=6 /home/jlenis/numa_benchmark/bin/stream.05GiB.10':

      383615554162 cycles                    #    0.000 GHz                     [50.02%]
       22223547298 instructions              #    0.06  insns per cycle         [75.02%]
        7282567215 cache-references                                             [74.97%]
          13504122 cache-misses              #    0.185 % of all cache refs     [75.01%]
              1646 faults                                                      
                 7 migrations                                                  

      19.308372515 seconds time elapsed

 Time Elapsed: 19
Socket: 2  MEM: 7

 Performance counter stats for 'numactl --cpunodebind=2 --membind=7 /home/jlenis/numa_benchmark/bin/stream.05GiB.10':

      383118267345 cycles                    #    0.000 GHz                     [50.02%]
       22216363234 instructions              #    0.06  insns per cycle         [75.02%]
        7303751544 cache-references                                             [74.98%]
          13442279 cache-misses              #    0.184 % of all cache refs     [75.00%]
              1647 faults                                                      
                 7 migrations                                                  

      19.257247378 seconds time elapsed

 Time Elapsed: 19
Socket: 3  MEM: 0

 Performance counter stats for 'numactl --cpunodebind=3 --membind=0 /home/jlenis/numa_benchmark/bin/stream.05GiB.10':

      565473231870 cycles                    #    0.000 GHz                     [50.02%]
       22609326161 instructions              #    0.04  insns per cycle         [75.02%]
        7308293729 cache-references                                             [74.98%]
          16639547 cache-misses              #    0.228 % of all cache refs     [75.01%]
              1647 faults                                                      
                 9 migrations                                                  

      28.353350400 seconds time elapsed

 Time Elapsed: 29
Socket: 3  MEM: 1

 Performance counter stats for 'numactl --cpunodebind=3 --membind=1 /home/jlenis/numa_benchmark/bin/stream.05GiB.10':

      390093798327 cycles                    #    0.000 GHz                     [50.02%]
       22266233870 instructions              #    0.06  insns per cycle         [75.02%]
        7285410918 cache-references                                             [74.97%]
          13553842 cache-misses              #    0.186 % of all cache refs     [75.01%]
              1648 faults                                                      
                 7 migrations                                                  

      19.597860708 seconds time elapsed

 Time Elapsed: 19
Socket: 3  MEM: 2

 Performance counter stats for 'numactl --cpunodebind=3 --membind=2 /home/jlenis/numa_benchmark/bin/stream.05GiB.10':

      213006362607 cycles                    #    0.000 GHz                     [50.02%]
       21934177054 instructions              #    0.10  insns per cycle         [75.02%]
        7461911531 cache-references                                             [74.98%]
           9167622 cache-misses              #    0.123 % of all cache refs     [75.00%]
              1647 faults                                                      
                 7 migrations                                                  

      10.908629016 seconds time elapsed

 Time Elapsed: 11
Socket: 3  MEM: 3

 Performance counter stats for 'numactl --cpunodebind=3 --membind=3 /home/jlenis/numa_benchmark/bin/stream.05GiB.10':

      118003119552 cycles                    #    0.000 GHz                     [50.03%]
       21767986861 instructions              #    0.18  insns per cycle         [75.03%]
        8027531450 cache-references                                             [74.97%]
           7696440 cache-misses              #    0.096 % of all cache refs     [75.00%]
              1647 faults                                                      
                 7 migrations                                                  

       6.236154166 seconds time elapsed

 Time Elapsed: 6
Socket: 3  MEM: 4

 Performance counter stats for 'numactl --cpunodebind=3 --membind=4 /home/jlenis/numa_benchmark/bin/stream.05GiB.10':

      382444778634 cycles                    #    0.000 GHz                     [50.02%]
       22237687655 instructions              #    0.06  insns per cycle         [75.02%]
        7286732964 cache-references                                             [74.97%]
          13272096 cache-misses              #    0.182 % of all cache refs     [75.01%]
              1647 faults                                                      
                 7 migrations                                                  

      19.220027976 seconds time elapsed

 Time Elapsed: 20
Socket: 3  MEM: 5

 Performance counter stats for 'numactl --cpunodebind=3 --membind=5 /home/jlenis/numa_benchmark/bin/stream.05GiB.10':

      276249222431 cycles                    #    0.000 GHz                     [50.02%]
       22047900056 instructions              #    0.08  insns per cycle         [75.02%]
        7381896016 cache-references                                             [74.97%]
          11378456 cache-misses              #    0.154 % of all cache refs     [75.00%]
              1647 faults                                                      
                 7 migrations                                                  

      14.056964767 seconds time elapsed

 Time Elapsed: 14
Socket: 3  MEM: 6

 Performance counter stats for 'numactl --cpunodebind=3 --membind=6 /home/jlenis/numa_benchmark/bin/stream.05GiB.10':

      566825295172 cycles                    #    0.000 GHz                     [50.02%]
       22579707683 instructions              #    0.04  insns per cycle         [75.01%]
        7279508775 cache-references                                             [74.98%]
          17015519 cache-misses              #    0.234 % of all cache refs     [75.00%]
              1647 faults                                                      
                 7 migrations                                                  

      28.401907883 seconds time elapsed

 Time Elapsed: 28
Socket: 3  MEM: 7

 Performance counter stats for 'numactl --cpunodebind=3 --membind=7 /home/jlenis/numa_benchmark/bin/stream.05GiB.10':

      570706220619 cycles                    #    0.000 GHz                     [50.02%]
       22606679489 instructions              #    0.04  insns per cycle         [75.02%]
        7282348635 cache-references                                             [74.97%]
          16911779 cache-misses              #    0.232 % of all cache refs     [75.01%]
              1647 faults                                                      
                 7 migrations                                                  

      28.590467920 seconds time elapsed

 Time Elapsed: 29
Socket: 4  MEM: 0

 Performance counter stats for 'numactl --cpunodebind=4 --membind=0 /home/jlenis/numa_benchmark/bin/stream.05GiB.10':

      387390115707 cycles                    #    0.000 GHz                     [50.02%]
       22269529426 instructions              #    0.06  insns per cycle         [75.02%]
        7324645629 cache-references                                             [74.97%]
          13467125 cache-misses              #    0.184 % of all cache refs     [75.01%]
              1647 faults                                                      
                 7 migrations                                                  

      19.478353978 seconds time elapsed

 Time Elapsed: 19
Socket: 4  MEM: 1

 Performance counter stats for 'numactl --cpunodebind=4 --membind=1 /home/jlenis/numa_benchmark/bin/stream.05GiB.10':

      391054829106 cycles                    #    0.000 GHz                     [50.01%]
       22260359466 instructions              #    0.06  insns per cycle         [75.02%]
        7289480428 cache-references                                             [74.98%]
          13856771 cache-misses              #    0.190 % of all cache refs     [75.01%]
              1647 faults                                                      
                 7 migrations                                                  

      19.656058593 seconds time elapsed

 Time Elapsed: 20
Socket: 4  MEM: 2

 Performance counter stats for 'numactl --cpunodebind=4 --membind=2 /home/jlenis/numa_benchmark/bin/stream.05GiB.10':

      377554425171 cycles                    #    0.000 GHz                     [50.02%]
       22250750247 instructions              #    0.06  insns per cycle         [75.02%]
        7293460743 cache-references                                             [74.97%]
          13338681 cache-misses              #    0.183 % of all cache refs     [75.00%]
              1647 faults                                                      
                 7 migrations                                                  

      19.009763752 seconds time elapsed

 Time Elapsed: 19
Socket: 4  MEM: 3

 Performance counter stats for 'numactl --cpunodebind=4 --membind=3 /home/jlenis/numa_benchmark/bin/stream.05GiB.10':

      383319580546 cycles                    #    0.000 GHz                     [50.02%]
       22252134955 instructions              #    0.06  insns per cycle         [75.01%]
        7297686956 cache-references                                             [74.99%]
          13598319 cache-misses              #    0.186 % of all cache refs     [75.00%]
              1647 faults                                                      
                 7 migrations                                                  

      19.297835308 seconds time elapsed

 Time Elapsed: 19
Socket: 4  MEM: 4

 Performance counter stats for 'numactl --cpunodebind=4 --membind=4 /home/jlenis/numa_benchmark/bin/stream.05GiB.10':

      118209549448 cycles                    #    0.000 GHz                     [50.03%]
       21789815059 instructions              #    0.18  insns per cycle         [75.03%]
        8046808902 cache-references                                             [74.97%]
           7795880 cache-misses              #    0.097 % of all cache refs     [75.01%]
              1647 faults                                                      
                 7 migrations                                                  

       6.247061659 seconds time elapsed

 Time Elapsed: 7
Socket: 4  MEM: 5

 Performance counter stats for 'numactl --cpunodebind=4 --membind=5 /home/jlenis/numa_benchmark/bin/stream.05GiB.10':

      214303719077 cycles                    #    0.000 GHz                     [50.02%]
       21921096341 instructions              #    0.10  insns per cycle         [75.02%]
        7474382805 cache-references                                             [74.98%]
           9406444 cache-misses              #    0.126 % of all cache refs     [75.01%]
              1646 faults                                                      
                 7 migrations                                                  

      11.002444773 seconds time elapsed

 Time Elapsed: 11
Socket: 4  MEM: 6

 Performance counter stats for 'numactl --cpunodebind=4 --membind=6 /home/jlenis/numa_benchmark/bin/stream.05GiB.10':

      276789078797 cycles                    #    0.000 GHz                     [50.02%]
       22064435083 instructions              #    0.08  insns per cycle         [75.02%]
        7379114772 cache-references                                             [74.98%]
          11414907 cache-misses              #    0.155 % of all cache refs     [75.00%]
              1647 faults                                                      
                 7 migrations                                                  

      14.127131184 seconds time elapsed

 Time Elapsed: 14
Socket: 4  MEM: 7

 Performance counter stats for 'numactl --cpunodebind=4 --membind=7 /home/jlenis/numa_benchmark/bin/stream.05GiB.10':

      562265148457 cycles                    #    0.000 GHz                     [50.02%]
       22567739811 instructions              #    0.04  insns per cycle         [75.01%]
        7295577515 cache-references                                             [74.98%]
          16972745 cache-misses              #    0.233 % of all cache refs     [75.01%]
              1647 faults                                                      
                 7 migrations                                                  

      28.194077991 seconds time elapsed

 Time Elapsed: 28
Socket: 5  MEM: 0

 Performance counter stats for 'numactl --cpunodebind=5 --membind=0 /home/jlenis/numa_benchmark/bin/stream.05GiB.10':

      571152730834 cycles                    #    0.000 GHz                     [50.01%]
       22617568608 instructions              #    0.04  insns per cycle         [75.02%]
        7296736139 cache-references                                             [74.98%]
          16898230 cache-misses              #    0.232 % of all cache refs     [75.01%]
              1647 faults                                                      
                 7 migrations                                                  

      28.644888922 seconds time elapsed

 Time Elapsed: 29
Socket: 5  MEM: 1

 Performance counter stats for 'numactl --cpunodebind=5 --membind=1 /home/jlenis/numa_benchmark/bin/stream.05GiB.10':

      573756423851 cycles                    #    0.000 GHz                     [50.02%]
       22589297958 instructions              #    0.04  insns per cycle         [75.02%]
        7300993591 cache-references                                             [74.97%]
          17466215 cache-misses              #    0.239 % of all cache refs     [75.01%]
              1647 faults                                                      
                 7 migrations                                                  

      28.758339006 seconds time elapsed

 Time Elapsed: 28
Socket: 5  MEM: 2

 Performance counter stats for 'numactl --cpunodebind=5 --membind=2 /home/jlenis/numa_benchmark/bin/stream.05GiB.10':

      269798034106 cycles                    #    0.000 GHz                     [50.02%]
       22054478085 instructions              #    0.08  insns per cycle         [75.02%]
        7392213093 cache-references                                             [74.98%]
          11462727 cache-misses              #    0.155 % of all cache refs     [75.01%]
              1647 faults                                                      
                 7 migrations                                                  

      13.744199275 seconds time elapsed

 Time Elapsed: 14
Socket: 5  MEM: 3

 Performance counter stats for 'numactl --cpunodebind=5 --membind=3 /home/jlenis/numa_benchmark/bin/stream.05GiB.10':

      379376111321 cycles                    #    0.000 GHz                     [50.02%]
       22251705471 instructions              #    0.06  insns per cycle         [75.01%]
        7305419779 cache-references                                             [74.98%]
          13420499 cache-misses              #    0.184 % of all cache refs     [75.00%]
              1647 faults                                                      
                 7 migrations                                                  

      19.071489513 seconds time elapsed

 Time Elapsed: 19
Socket: 5  MEM: 4

 Performance counter stats for 'numactl --cpunodebind=5 --membind=4 /home/jlenis/numa_benchmark/bin/stream.05GiB.10':

      213397111366 cycles                    #    0.000 GHz                     [50.01%]
       21945623930 instructions              #    0.10  insns per cycle         [75.02%]
        7487569273 cache-references                                             [74.98%]
           9457010 cache-misses              #    0.126 % of all cache refs     [75.00%]
              1647 faults                                                      
                 7 migrations                                                  

      10.946730330 seconds time elapsed

 Time Elapsed: 11
Socket: 5  MEM: 5

 Performance counter stats for 'numactl --cpunodebind=5 --membind=5 /home/jlenis/numa_benchmark/bin/stream.05GiB.10':

      118467381482 cycles                    #    0.000 GHz                     [50.03%]
       21763788230 instructions              #    0.18  insns per cycle         [75.03%]
        8017841323 cache-references                                             [74.96%]
           7769017 cache-misses              #    0.097 % of all cache refs     [75.00%]
              1647 faults                                                      
                 7 migrations                                                  

       6.272571787 seconds time elapsed

 Time Elapsed: 6
Socket: 5  MEM: 6

 Performance counter stats for 'numactl --cpunodebind=5 --membind=6 /home/jlenis/numa_benchmark/bin/stream.05GiB.10':

      321536686677 cycles                    #    0.000 GHz                     [50.01%]
       22130386777 instructions              #    0.07  insns per cycle         [75.01%]
        7239260533 cache-references                                             [74.99%]
          12443755 cache-misses              #    0.172 % of all cache refs     [75.00%]
              1647 faults                                                      
                 7 migrations                                                  

      16.454373481 seconds time elapsed

 Time Elapsed: 17
Socket: 5  MEM: 7

 Performance counter stats for 'numactl --cpunodebind=5 --membind=7 /home/jlenis/numa_benchmark/bin/stream.05GiB.10':

      390731242886 cycles                    #    0.000 GHz                     [50.02%]
       22253175670 instructions              #    0.06  insns per cycle         [75.02%]
        7283273204 cache-references                                             [74.98%]
          13827726 cache-misses              #    0.190 % of all cache refs     [75.00%]
              1647 faults                                                      
                 7 migrations                                                  

      19.639400291 seconds time elapsed

 Time Elapsed: 19
Socket: 6  MEM: 0

 Performance counter stats for 'numactl --cpunodebind=6 --membind=0 /home/jlenis/numa_benchmark/bin/stream.05GiB.10':

      275454235778 cycles                    #    0.000 GHz                     [50.03%]
       22079831732 instructions              #    0.08  insns per cycle         [75.03%]
        7381480995 cache-references                                             [74.97%]
          11314147 cache-misses              #    0.153 % of all cache refs     [75.01%]
              1647 faults                                                      
                 7 migrations                                                  

      14.051305453 seconds time elapsed

 Time Elapsed: 15
Socket: 6  MEM: 1

 Performance counter stats for 'numactl --cpunodebind=6 --membind=1 /home/jlenis/numa_benchmark/bin/stream.05GiB.10':

      554942234855 cycles                    #    0.000 GHz                     [50.02%]
       22605245468 instructions              #    0.04  insns per cycle         [75.01%]
        7280787572 cache-references                                             [74.98%]
          17030580 cache-misses              #    0.234 % of all cache refs     [75.00%]
              1647 faults                                                      
                 7 migrations                                                  

      27.821247241 seconds time elapsed

 Time Elapsed: 27
Socket: 6  MEM: 2

 Performance counter stats for 'numactl --cpunodebind=6 --membind=2 /home/jlenis/numa_benchmark/bin/stream.05GiB.10':

      383817626123 cycles                    #    0.000 GHz                     [50.02%]
       22245197208 instructions              #    0.06  insns per cycle         [75.02%]
        7279376072 cache-references                                             [74.98%]
          13612021 cache-misses              #    0.187 % of all cache refs     [75.00%]
              1647 faults                                                      
                 7 migrations                                                  

      19.299753085 seconds time elapsed

 Time Elapsed: 20
Socket: 6  MEM: 3

 Performance counter stats for 'numactl --cpunodebind=6 --membind=3 /home/jlenis/numa_benchmark/bin/stream.05GiB.10':

      401671279020 cycles                    #    0.000 GHz                     [50.03%]
       22343037770 instructions              #    0.06  insns per cycle         [75.02%]
        7274512446 cache-references                                             [74.97%]
          13982342 cache-misses              #    0.192 % of all cache refs     [75.00%]
              1647 faults                                                      
                 7 migrations                                                  

      20.382438479 seconds time elapsed

 Time Elapsed: 20
Socket: 6  MEM: 4

 Performance counter stats for 'numactl --cpunodebind=6 --membind=4 /home/jlenis/numa_benchmark/bin/stream.05GiB.10':

      386682461467 cycles                    #    0.000 GHz                     [50.02%]
       22265037601 instructions              #    0.06  insns per cycle         [75.02%]
        7291344189 cache-references                                             [74.97%]
          13500293 cache-misses              #    0.185 % of all cache refs     [75.00%]
              1647 faults                                                      
                 7 migrations                                                  

      19.442639075 seconds time elapsed

 Time Elapsed: 20
Socket: 6  MEM: 5

 Performance counter stats for 'numactl --cpunodebind=6 --membind=5 /home/jlenis/numa_benchmark/bin/stream.05GiB.10':

      561353976881 cycles                    #    0.000 GHz                     [50.03%]
       22545276169 instructions              #    0.04  insns per cycle         [75.03%]
        7264555118 cache-references                                             [74.97%]
          17257639 cache-misses              #    0.238 % of all cache refs     [75.00%]
              1647 faults                                                      
                 7 migrations                                                  

      28.181125037 seconds time elapsed

 Time Elapsed: 28
Socket: 6  MEM: 6

 Performance counter stats for 'numactl --cpunodebind=6 --membind=6 /home/jlenis/numa_benchmark/bin/stream.05GiB.10':

      121450660950 cycles                    #    0.000 GHz                     [50.03%]
       21798234753 instructions              #    0.18  insns per cycle         [75.03%]
        8021689343 cache-references                                             [74.96%]
           7945298 cache-misses              #    0.099 % of all cache refs     [75.00%]
              1647 faults                                                      
                 7 migrations                                                  

       6.382247299 seconds time elapsed

 Time Elapsed: 6
Socket: 6  MEM: 7

 Performance counter stats for 'numactl --cpunodebind=6 --membind=7 /home/jlenis/numa_benchmark/bin/stream.05GiB.10':

      212865135754 cycles                    #    0.000 GHz                     [50.02%]
       21930580272 instructions              #    0.10  insns per cycle         [75.02%]
        7462782253 cache-references                                             [74.97%]
           9310200 cache-misses              #    0.125 % of all cache refs     [75.01%]
              1647 faults                                                      
                 7 migrations                                                  

      10.918045230 seconds time elapsed

 Time Elapsed: 11
Socket: 7  MEM: 0

 Performance counter stats for 'numactl --cpunodebind=7 --membind=0 /home/jlenis/numa_benchmark/bin/stream.05GiB.10':

      318577427263 cycles                    #    0.000 GHz                     [50.02%]
       22288382336 instructions              #    0.07  insns per cycle         [75.02%]
        7277524650 cache-references                                             [74.97%]
          12031013 cache-misses              #    0.165 % of all cache refs     [75.01%]
              1647 faults                                                      
                 8 migrations                                                  

      16.352237760 seconds time elapsed

 Time Elapsed: 16
Socket: 7  MEM: 1

 Performance counter stats for 'numactl --cpunodebind=7 --membind=1 /home/jlenis/numa_benchmark/bin/stream.05GiB.10':

      383733794166 cycles                    #    0.000 GHz                     [50.02%]
       22262350291 instructions              #    0.06  insns per cycle         [75.02%]
        7294774424 cache-references                                             [74.98%]
          13436645 cache-misses              #    0.184 % of all cache refs     [75.01%]
              1647 faults                                                      
                 7 migrations                                                  

      19.289511569 seconds time elapsed

 Time Elapsed: 20
Socket: 7  MEM: 2

 Performance counter stats for 'numactl --cpunodebind=7 --membind=2 /home/jlenis/numa_benchmark/bin/stream.05GiB.10':

      276590619486 cycles                    #    0.000 GHz                     [50.03%]
       22089687844 instructions              #    0.08  insns per cycle         [75.02%]
        7377956209 cache-references                                             [74.97%]
          11460838 cache-misses              #    0.155 % of all cache refs     [75.00%]
              1648 faults                                                      
                 7 migrations                                                  

      14.108776454 seconds time elapsed

 Time Elapsed: 14
Socket: 7  MEM: 3

 Performance counter stats for 'numactl --cpunodebind=7 --membind=3 /home/jlenis/numa_benchmark/bin/stream.05GiB.10':

      332641888249 cycles                    #    0.000 GHz                     [50.02%]
       22177561147 instructions              #    0.07  insns per cycle         [75.01%]
        7236688754 cache-references                                             [74.98%]
          12371994 cache-misses              #    0.171 % of all cache refs     [75.00%]
              1647 faults                                                      
                 7 migrations                                                  

      17.020044960 seconds time elapsed

 Time Elapsed: 17
Socket: 7  MEM: 4

 Performance counter stats for 'numactl --cpunodebind=7 --membind=4 /home/jlenis/numa_benchmark/bin/stream.05GiB.10':

      558674576226 cycles                    #    0.000 GHz                     [50.01%]
       22592225144 instructions              #    0.04  insns per cycle         [75.01%]
        7284715839 cache-references                                             [74.98%]
          17195218 cache-misses              #    0.236 % of all cache refs     [75.01%]
              1647 faults                                                      
                 7 migrations                                                  

      28.025705761 seconds time elapsed

 Time Elapsed: 28
Socket: 7  MEM: 5

 Performance counter stats for 'numactl --cpunodebind=7 --membind=5 /home/jlenis/numa_benchmark/bin/stream.05GiB.10':

      390368369835 cycles                    #    0.000 GHz                     [50.02%]
       22268069208 instructions              #    0.06  insns per cycle         [75.02%]
        7286079754 cache-references                                             [74.97%]
          13679918 cache-misses              #    0.188 % of all cache refs     [75.00%]
              1647 faults                                                      
                 7 migrations                                                  

      19.620492150 seconds time elapsed

 Time Elapsed: 19
Socket: 7  MEM: 6

 Performance counter stats for 'numactl --cpunodebind=7 --membind=6 /home/jlenis/numa_benchmark/bin/stream.05GiB.10':

      213495599037 cycles                    #    0.000 GHz                     [50.02%]
       21951185799 instructions              #    0.10  insns per cycle         [75.02%]
        7489577395 cache-references                                             [74.97%]
           9346441 cache-misses              #    0.125 % of all cache refs     [75.01%]
              1647 faults                                                      
                 7 migrations                                                  

      10.943865361 seconds time elapsed

 Time Elapsed: 11
Socket: 7  MEM: 7

 Performance counter stats for 'numactl --cpunodebind=7 --membind=7 /home/jlenis/numa_benchmark/bin/stream.05GiB.10':

      118399658960 cycles                    #    0.000 GHz                     [50.03%]
       21770093388 instructions              #    0.18  insns per cycle         [75.03%]
        8024481557 cache-references                                             [74.97%]
           7830460 cache-misses              #    0.098 % of all cache refs     [75.00%]
              1647 faults                                                      
                 7 migrations                                                  

       6.222833975 seconds time elapsed

 Time Elapsed: 7
